Determining if the pthread_create exist failed with the following output:
Change Dir: /home/student/smoothiebot_ws/build/node_manager_fkie/CMakeFiles/CMakeTmp

Run Build Command:"/usr/bin/make" "cmTC_be1ef/fast"
/usr/bin/make -f CMakeFiles/cmTC_be1ef.dir/build.make CMakeFiles/cmTC_be1ef.dir/build
make[1]: Entering directory '/home/student/smoothiebot_ws/build/node_manager_fkie/CMakeFiles/CMakeTmp'
Building C object CMakeFiles/cmTC_be1ef.dir/CheckSymbolExists.c.o
/usr/bin/cc     -o CMakeFiles/cmTC_be1ef.dir/CheckSymbolExists.c.o   -c /home/student/smoothiebot_ws/build/node_manager_fkie/CMakeFiles/CMakeTmp/CheckSymbolExists.c
Linking C executable cmTC_be1ef
/usr/bin/cmake -E cmake_link_script CMakeFiles/cmTC_be1ef.dir/link.txt --verbose=1
/usr/bin/cc       CMakeFiles/cmTC_be1ef.dir/CheckSymbolExists.c.o  -o cmTC_be1ef -rdynamic 
CMakeFiles/cmTC_be1ef.dir/CheckSymbolExists.c.o: In function `main':
CheckSymbolExists.c:(.text+0x16): undefined reference to `pthread_create'
collect2: error: ld returned 1 exit status
CMakeFiles/cmTC_be1ef.dir/build.make:97: recipe for target 'cmTC_be1ef' failed
make[1]: *** [cmTC_be1ef] Error 1
make[1]: Leaving directory '/home/student/smoothiebot_ws/build/node_manager_fkie/CMakeFiles/CMakeTmp'
Makefile:126: recipe for target 'cmTC_be1ef/fast' failed
make: *** [cmTC_be1ef/fast] Error 2

File /home/student/smoothiebot_ws/build/node_manager_fkie/CMakeFiles/CMakeTmp/CheckSymbolExists.c:
/* */
#include <pthread.h>

int main(int argc, char** argv)
{
  (void)argv;
#ifndef pthread_create
  return ((int*)(&pthread_create))[argc];
#else
  (void)argc;
  return 0;
#endif
}

Determining if the function pthread_create exists in the pthreads failed with the following output:
Change Dir: /home/student/smoothiebot_ws/build/node_manager_fkie/CMakeFiles/CMakeTmp

Run Build Command:"/usr/bin/make" "cmTC_87250/fast"
/usr/bin/make -f CMakeFiles/cmTC_87250.dir/build.make CMakeFiles/cmTC_87250.dir/build
make[1]: Entering directory '/home/student/smoothiebot_ws/build/node_manager_fkie/CMakeFiles/CMakeTmp'
Building C object CMakeFiles/cmTC_87250.dir/CheckFunctionExists.c.o
/usr/bin/cc    -DCHECK_FUNCTION_EXISTS=pthread_create   -o CMakeFiles/cmTC_87250.dir/CheckFunctionExists.c.o   -c /usr/share/cmake-3.5/Modules/CheckFunctionExists.c
Linking C executable cmTC_87250
/usr/bin/cmake -E cmake_link_script CMakeFiles/cmTC_87250.dir/link.txt --verbose=1
/usr/bin/cc   -DCHECK_FUNCTION_EXISTS=pthread_create    CMakeFiles/cmTC_87250.dir/CheckFunctionExists.c.o  -o cmTC_87250 -rdynamic -lpthreads 
/usr/bin/ld: cannot find -lpthreads
collect2: error: ld returned 1 exit status
CMakeFiles/cmTC_87250.dir/build.make:97: recipe for target 'cmTC_87250' failed
make[1]: *** [cmTC_87250] Error 1
make[1]: Leaving directory '/home/student/smoothiebot_ws/build/node_manager_fkie/CMakeFiles/CMakeTmp'
Makefile:126: recipe for target 'cmTC_87250/fast' failed
make: *** [cmTC_87250/fast] Error 2


