[33m[1mCMake Warning[0m at /opt/ros/kinetic/share/catkin/cmake/catkinConfig.cmake:76 (find_package):
  Could not find a package configuration file provided by "opencv_candidate"
  with any of the following names:

    opencv_candidateConfig.cmake
    opencv_candidate-config.cmake

  Add the installation prefix of "opencv_candidate" to CMAKE_PREFIX_PATH or
  set "opencv_candidate_DIR" to a directory containing one of the above
  files.  If "opencv_candidate" provides a separate development package or
  SDK, be sure it has been installed.
[36mCall Stack (most recent call first):[0m
  CMakeLists.txt:4 (find_package)


[31m[1mCMake Error[0m at /opt/ros/kinetic/share/catkin/cmake/catkinConfig.cmake:83 (find_package):
  Could not find a package configuration file provided by "opencv_candidate"
  with any of the following names:

    opencv_candidateConfig.cmake
    opencv_candidate-config.cmake

  Add the installation prefix of "opencv_candidate" to CMAKE_PREFIX_PATH or
  set "opencv_candidate_DIR" to a directory containing one of the above
  files.  If "opencv_candidate" provides a separate development package or
  SDK, be sure it has been installed.
[36mCall Stack (most recent call first):[0m
  CMakeLists.txt:4 (find_package)


