Not searching for unused variables given on the command line.
[36m--[0m Using CATKIN_DEVEL_PREFIX: /home/student/smoothiebot_ws/devel/.private/fetch_depth_layer
[36m--[0m Using CMAKE_PREFIX_PATH: /home/student/smoothiebot_ws/devel;/opt/ros/kinetic
[36m--[0m This workspace overlays: /home/student/smoothiebot_ws/devel;/opt/ros/kinetic
[36m--[0m Using PYTHON_EXECUTABLE: /usr/bin/python
[36m--[0m Using Debian Python package layout
[36m--[0m Using empy: /usr/bin/empy
[36m--[0m Using CATKIN_ENABLE_TESTING: ON
[36m--[0m Call enable_testing()
[36m--[0m Using CATKIN_TEST_RESULTS_DIR: /home/student/smoothiebot_ws/build/fetch_depth_layer/test_results
[36m--[0m Found gmock sources under '/usr/src/gmock': gmock will be built
[36m--[0m Found gtest sources under '/usr/src/gmock': gtests will be built
[36m--[0m Using Python nosetests: /usr/bin/nosetests-2.7
[36m--[0m catkin 0.7.11
[31m[1mCMake Error[0m at /opt/ros/kinetic/share/cv_bridge/cmake/cv_bridgeConfig.cmake:113 (message):
  Project 'cv_bridge' specifies '/opt/ros/kinetic/include/opencv-3.3.1' as an
  include dir, which is not found.  It does neither exist as an absolute
  directory nor in '/opt/ros/kinetic//opt/ros/kinetic/include/opencv-3.3.1'.
  Check the issue tracker
  'https://github.com/ros-perception/vision_opencv/issues' and consider
  creating a ticket if the problem has not been reported yet.
[36mCall Stack (most recent call first):[0m
  /opt/ros/kinetic/share/catkin/cmake/catkinConfig.cmake:76 (find_package)
  CMakeLists.txt:4 (find_package)


[36m--[0m Configuring incomplete, errors occurred!
See also "/home/student/smoothiebot_ws/build/fetch_depth_layer/CMakeFiles/CMakeOutput.log".
See also "/home/student/smoothiebot_ws/build/fetch_depth_layer/CMakeFiles/CMakeError.log".
