Symlinking /home/student/smoothiebot_ws/devel/lib/pkgconfig/world_manager_msgs.pc
Symlinking /home/student/smoothiebot_ws/devel/lib/python2.7/dist-packages/world_manager_msgs/__init__.py
Symlinking /home/student/smoothiebot_ws/devel/lib/python2.7/dist-packages/world_manager_msgs/msg/_SceneObject.py
Symlinking /home/student/smoothiebot_ws/devel/lib/python2.7/dist-packages/world_manager_msgs/msg/__init__.py
Symlinking /home/student/smoothiebot_ws/devel/lib/python2.7/dist-packages/world_manager_msgs/msg/_SceneBox.py
Symlinking /home/student/smoothiebot_ws/devel/lib/python2.7/dist-packages/world_manager_msgs/srv/__init__.py
Symlinking /home/student/smoothiebot_ws/devel/lib/python2.7/dist-packages/world_manager_msgs/srv/_AddTF.py
Symlinking /home/student/smoothiebot_ws/devel/lib/python2.7/dist-packages/world_manager_msgs/srv/_AddBox.py
Symlinking /home/student/smoothiebot_ws/devel/lib/python2.7/dist-packages/world_manager_msgs/srv/_AddMesh.py
Symlinking /home/student/smoothiebot_ws/devel/include/world_manager_msgs/SceneBox.h
Symlinking /home/student/smoothiebot_ws/devel/include/world_manager_msgs/AddTFResponse.h
Symlinking /home/student/smoothiebot_ws/devel/include/world_manager_msgs/AddTFRequest.h
Symlinking /home/student/smoothiebot_ws/devel/include/world_manager_msgs/AddTF.h
Symlinking /home/student/smoothiebot_ws/devel/include/world_manager_msgs/AddBox.h
Symlinking /home/student/smoothiebot_ws/devel/include/world_manager_msgs/AddBoxResponse.h
Symlinking /home/student/smoothiebot_ws/devel/include/world_manager_msgs/AddBoxRequest.h
Symlinking /home/student/smoothiebot_ws/devel/include/world_manager_msgs/AddMesh.h
Symlinking /home/student/smoothiebot_ws/devel/include/world_manager_msgs/AddMeshRequest.h
Symlinking /home/student/smoothiebot_ws/devel/include/world_manager_msgs/AddMeshResponse.h
Symlinking /home/student/smoothiebot_ws/devel/include/world_manager_msgs/SceneObject.h
Symlinking /home/student/smoothiebot_ws/devel/share/gennodejs/ros/world_manager_msgs/_index.js
Symlinking /home/student/smoothiebot_ws/devel/share/gennodejs/ros/world_manager_msgs/msg/_index.js
Symlinking /home/student/smoothiebot_ws/devel/share/gennodejs/ros/world_manager_msgs/msg/SceneObject.js
Symlinking /home/student/smoothiebot_ws/devel/share/gennodejs/ros/world_manager_msgs/msg/SceneBox.js
Symlinking /home/student/smoothiebot_ws/devel/share/gennodejs/ros/world_manager_msgs/srv/AddMesh.js
Symlinking /home/student/smoothiebot_ws/devel/share/gennodejs/ros/world_manager_msgs/srv/_index.js
Symlinking /home/student/smoothiebot_ws/devel/share/gennodejs/ros/world_manager_msgs/srv/AddBox.js
Symlinking /home/student/smoothiebot_ws/devel/share/gennodejs/ros/world_manager_msgs/srv/AddTF.js
Symlinking /home/student/smoothiebot_ws/devel/share/world_manager_msgs/cmake/world_manager_msgs-msg-extras.cmake
Symlinking /home/student/smoothiebot_ws/devel/share/world_manager_msgs/cmake/world_manager_msgsConfig-version.cmake
Symlinking /home/student/smoothiebot_ws/devel/share/world_manager_msgs/cmake/world_manager_msgsConfig.cmake
Symlinking /home/student/smoothiebot_ws/devel/share/world_manager_msgs/cmake/world_manager_msgs-msg-paths.cmake
Symlinking /home/student/smoothiebot_ws/devel/share/roseus/ros/world_manager_msgs/manifest.l
Symlinking /home/student/smoothiebot_ws/devel/share/roseus/ros/world_manager_msgs/msg/SceneObject.l
Symlinking /home/student/smoothiebot_ws/devel/share/roseus/ros/world_manager_msgs/msg/SceneBox.l
Symlinking /home/student/smoothiebot_ws/devel/share/roseus/ros/world_manager_msgs/srv/AddMesh.l
Symlinking /home/student/smoothiebot_ws/devel/share/roseus/ros/world_manager_msgs/srv/AddBox.l
Symlinking /home/student/smoothiebot_ws/devel/share/roseus/ros/world_manager_msgs/srv/AddTF.l
Symlinking /home/student/smoothiebot_ws/devel/share/common-lisp/ros/world_manager_msgs/msg/SceneObject.lisp
Symlinking /home/student/smoothiebot_ws/devel/share/common-lisp/ros/world_manager_msgs/msg/_package_SceneBox.lisp
Symlinking /home/student/smoothiebot_ws/devel/share/common-lisp/ros/world_manager_msgs/msg/_package_SceneObject.lisp
Symlinking /home/student/smoothiebot_ws/devel/share/common-lisp/ros/world_manager_msgs/msg/_package.lisp
Symlinking /home/student/smoothiebot_ws/devel/share/common-lisp/ros/world_manager_msgs/msg/SceneBox.lisp
Symlinking /home/student/smoothiebot_ws/devel/share/common-lisp/ros/world_manager_msgs/msg/world_manager_msgs-msg.asd
Symlinking /home/student/smoothiebot_ws/devel/share/common-lisp/ros/world_manager_msgs/srv/AddTF.lisp
Symlinking /home/student/smoothiebot_ws/devel/share/common-lisp/ros/world_manager_msgs/srv/_package_AddMesh.lisp
Symlinking /home/student/smoothiebot_ws/devel/share/common-lisp/ros/world_manager_msgs/srv/AddBox.lisp
Symlinking /home/student/smoothiebot_ws/devel/share/common-lisp/ros/world_manager_msgs/srv/AddMesh.lisp
Symlinking /home/student/smoothiebot_ws/devel/share/common-lisp/ros/world_manager_msgs/srv/_package_AddTF.lisp
Symlinking /home/student/smoothiebot_ws/devel/share/common-lisp/ros/world_manager_msgs/srv/_package_AddBox.lisp
Symlinking /home/student/smoothiebot_ws/devel/share/common-lisp/ros/world_manager_msgs/srv/_package.lisp
Symlinking /home/student/smoothiebot_ws/devel/share/common-lisp/ros/world_manager_msgs/srv/world_manager_msgs-srv.asd
