[35m[1mScanning dependencies of target geometry_msgs_generate_messages_nodejs[0m
[  0%] Built target geometry_msgs_generate_messages_nodejs
[35m[1mScanning dependencies of target _world_manager_msgs_generate_messages_check_deps_AddTF[0m
[  0%] Built target _world_manager_msgs_generate_messages_check_deps_AddTF
[35m[1mScanning dependencies of target _world_manager_msgs_generate_messages_check_deps_AddMesh[0m
[  0%] Built target _world_manager_msgs_generate_messages_check_deps_AddMesh
[35m[1mScanning dependencies of target _world_manager_msgs_generate_messages_check_deps_SceneBox[0m
[  0%] Built target _world_manager_msgs_generate_messages_check_deps_SceneBox
[35m[1mScanning dependencies of target _world_manager_msgs_generate_messages_check_deps_AddBox[0m
[  0%] Built target _world_manager_msgs_generate_messages_check_deps_AddBox
[35m[1mScanning dependencies of target _world_manager_msgs_generate_messages_check_deps_SceneObject[0m
[  0%] Built target _world_manager_msgs_generate_messages_check_deps_SceneObject
[35m[1mScanning dependencies of target std_msgs_generate_messages_nodejs[0m
[  0%] Built target std_msgs_generate_messages_nodejs
[35m[1mScanning dependencies of target std_msgs_generate_messages_py[0m
[  0%] Built target std_msgs_generate_messages_py
[35m[1mScanning dependencies of target geometry_msgs_generate_messages_py[0m
[  0%] Built target geometry_msgs_generate_messages_py
[35m[1mScanning dependencies of target geometry_msgs_generate_messages_lisp[0m
[  0%] Built target geometry_msgs_generate_messages_lisp
[35m[1mScanning dependencies of target std_msgs_generate_messages_lisp[0m
[  0%] Built target std_msgs_generate_messages_lisp
[35m[1mScanning dependencies of target geometry_msgs_generate_messages_eus[0m
[  0%] Built target geometry_msgs_generate_messages_eus
[35m[1mScanning dependencies of target std_msgs_generate_messages_eus[0m
[  0%] Built target std_msgs_generate_messages_eus
[35m[1mScanning dependencies of target geometry_msgs_generate_messages_cpp[0m
[  0%] Built target geometry_msgs_generate_messages_cpp
[35m[1mScanning dependencies of target std_msgs_generate_messages_cpp[0m
[  0%] Built target std_msgs_generate_messages_cpp
[35m[1mScanning dependencies of target world_manager_msgs_generate_messages_nodejs[0m
[  3%] [34m[1mGenerating Javascript code from world_manager_msgs/SceneObject.msg[0m
[  7%] [34m[1mGenerating Javascript code from world_manager_msgs/SceneBox.msg[0m
[ 10%] [34m[1mGenerating Javascript code from world_manager_msgs/AddTF.srv[0m
[ 14%] [34m[1mGenerating Javascript code from world_manager_msgs/AddMesh.srv[0m
[ 17%] [34m[1mGenerating Javascript code from world_manager_msgs/AddBox.srv[0m
[ 17%] Built target world_manager_msgs_generate_messages_nodejs
[35m[1mScanning dependencies of target world_manager_msgs_generate_messages_py[0m
[ 21%] [34m[1mGenerating Python from MSG world_manager_msgs/SceneObject[0m
[ 25%] [34m[1mGenerating Python from MSG world_manager_msgs/SceneBox[0m
[ 28%] [34m[1mGenerating Python code from SRV world_manager_msgs/AddTF[0m
[ 32%] [34m[1mGenerating Python code from SRV world_manager_msgs/AddMesh[0m
[ 35%] [34m[1mGenerating Python code from SRV world_manager_msgs/AddBox[0m
[ 39%] [34m[1mGenerating Python msg __init__.py for world_manager_msgs[0m
[ 42%] [34m[1mGenerating Python srv __init__.py for world_manager_msgs[0m
[ 42%] Built target world_manager_msgs_generate_messages_py
[35m[1mScanning dependencies of target world_manager_msgs_generate_messages_lisp[0m
[ 46%] [34m[1mGenerating Lisp code from world_manager_msgs/SceneObject.msg[0m
[ 50%] [34m[1mGenerating Lisp code from world_manager_msgs/SceneBox.msg[0m
[ 53%] [34m[1mGenerating Lisp code from world_manager_msgs/AddTF.srv[0m
[ 57%] [34m[1mGenerating Lisp code from world_manager_msgs/AddMesh.srv[0m
[ 60%] [34m[1mGenerating Lisp code from world_manager_msgs/AddBox.srv[0m
[ 60%] Built target world_manager_msgs_generate_messages_lisp
[35m[1mScanning dependencies of target world_manager_msgs_generate_messages_eus[0m
[ 64%] [34m[1mGenerating EusLisp code from world_manager_msgs/SceneObject.msg[0m
[ 67%] [34m[1mGenerating EusLisp code from world_manager_msgs/SceneBox.msg[0m
[ 71%] [34m[1mGenerating EusLisp code from world_manager_msgs/AddTF.srv[0m
[ 75%] [34m[1mGenerating EusLisp code from world_manager_msgs/AddMesh.srv[0m
[ 78%] [34m[1mGenerating EusLisp code from world_manager_msgs/AddBox.srv[0m
[ 82%] [34m[1mGenerating EusLisp manifest code for world_manager_msgs[0m
[ 82%] Built target world_manager_msgs_generate_messages_eus
[35m[1mScanning dependencies of target world_manager_msgs_generate_messages_cpp[0m
[ 85%] [34m[1mGenerating C++ code from world_manager_msgs/SceneObject.msg[0m
[ 89%] [34m[1mGenerating C++ code from world_manager_msgs/SceneBox.msg[0m
[ 92%] [34m[1mGenerating C++ code from world_manager_msgs/AddTF.srv[0m
[ 96%] [34m[1mGenerating C++ code from world_manager_msgs/AddMesh.srv[0m
[100%] [34m[1mGenerating C++ code from world_manager_msgs/AddBox.srv[0m
[100%] Built target world_manager_msgs_generate_messages_cpp
[35m[1mScanning dependencies of target world_manager_msgs_generate_messages[0m
[100%] Built target world_manager_msgs_generate_messages
