Determining if the pthread_create exist failed with the following output:
Change Dir: /home/student/smoothiebot_ws/build/moveit_planners_chomp/CMakeFiles/CMakeTmp

Run Build Command:"/usr/bin/make" "cmTC_6998c/fast"
/usr/bin/make -f CMakeFiles/cmTC_6998c.dir/build.make CMakeFiles/cmTC_6998c.dir/build
make[1]: Entering directory '/home/student/smoothiebot_ws/build/moveit_planners_chomp/CMakeFiles/CMakeTmp'
Building C object CMakeFiles/cmTC_6998c.dir/CheckSymbolExists.c.o
/usr/bin/cc     -o CMakeFiles/cmTC_6998c.dir/CheckSymbolExists.c.o   -c /home/student/smoothiebot_ws/build/moveit_planners_chomp/CMakeFiles/CMakeTmp/CheckSymbolExists.c
Linking C executable cmTC_6998c
/usr/bin/cmake -E cmake_link_script CMakeFiles/cmTC_6998c.dir/link.txt --verbose=1
/usr/bin/cc       CMakeFiles/cmTC_6998c.dir/CheckSymbolExists.c.o  -o cmTC_6998c -rdynamic 
CMakeFiles/cmTC_6998c.dir/CheckSymbolExists.c.o: In function `main':
CheckSymbolExists.c:(.text+0x16): undefined reference to `pthread_create'
collect2: error: ld returned 1 exit status
CMakeFiles/cmTC_6998c.dir/build.make:97: recipe for target 'cmTC_6998c' failed
make[1]: *** [cmTC_6998c] Error 1
make[1]: Leaving directory '/home/student/smoothiebot_ws/build/moveit_planners_chomp/CMakeFiles/CMakeTmp'
Makefile:126: recipe for target 'cmTC_6998c/fast' failed
make: *** [cmTC_6998c/fast] Error 2

File /home/student/smoothiebot_ws/build/moveit_planners_chomp/CMakeFiles/CMakeTmp/CheckSymbolExists.c:
/* */
#include <pthread.h>

int main(int argc, char** argv)
{
  (void)argv;
#ifndef pthread_create
  return ((int*)(&pthread_create))[argc];
#else
  (void)argc;
  return 0;
#endif
}

Determining if the function pthread_create exists in the pthreads failed with the following output:
Change Dir: /home/student/smoothiebot_ws/build/moveit_planners_chomp/CMakeFiles/CMakeTmp

Run Build Command:"/usr/bin/make" "cmTC_867c5/fast"
/usr/bin/make -f CMakeFiles/cmTC_867c5.dir/build.make CMakeFiles/cmTC_867c5.dir/build
make[1]: Entering directory '/home/student/smoothiebot_ws/build/moveit_planners_chomp/CMakeFiles/CMakeTmp'
Building C object CMakeFiles/cmTC_867c5.dir/CheckFunctionExists.c.o
/usr/bin/cc    -DCHECK_FUNCTION_EXISTS=pthread_create   -o CMakeFiles/cmTC_867c5.dir/CheckFunctionExists.c.o   -c /usr/share/cmake-3.5/Modules/CheckFunctionExists.c
Linking C executable cmTC_867c5
/usr/bin/cmake -E cmake_link_script CMakeFiles/cmTC_867c5.dir/link.txt --verbose=1
/usr/bin/cc   -DCHECK_FUNCTION_EXISTS=pthread_create    CMakeFiles/cmTC_867c5.dir/CheckFunctionExists.c.o  -o cmTC_867c5 -rdynamic -lpthreads 
/usr/bin/ld: cannot find -lpthreads
collect2: error: ld returned 1 exit status
CMakeFiles/cmTC_867c5.dir/build.make:97: recipe for target 'cmTC_867c5' failed
make[1]: *** [cmTC_867c5] Error 1
make[1]: Leaving directory '/home/student/smoothiebot_ws/build/moveit_planners_chomp/CMakeFiles/CMakeTmp'
Makefile:126: recipe for target 'cmTC_867c5/fast' failed
make: *** [cmTC_867c5/fast] Error 2


