Determining if the pthread_create exist failed with the following output:
Change Dir: /home/student/smoothiebot_ws/build/moveit_personal/CMakeFiles/CMakeTmp

Run Build Command:"/usr/bin/make" "cmTC_f780a/fast"
/usr/bin/make -f CMakeFiles/cmTC_f780a.dir/build.make CMakeFiles/cmTC_f780a.dir/build
make[1]: Entering directory '/home/student/smoothiebot_ws/build/moveit_personal/CMakeFiles/CMakeTmp'
Building C object CMakeFiles/cmTC_f780a.dir/CheckSymbolExists.c.o
/usr/bin/cc     -o CMakeFiles/cmTC_f780a.dir/CheckSymbolExists.c.o   -c /home/student/smoothiebot_ws/build/moveit_personal/CMakeFiles/CMakeTmp/CheckSymbolExists.c
Linking C executable cmTC_f780a
/usr/bin/cmake -E cmake_link_script CMakeFiles/cmTC_f780a.dir/link.txt --verbose=1
/usr/bin/cc       CMakeFiles/cmTC_f780a.dir/CheckSymbolExists.c.o  -o cmTC_f780a -rdynamic 
CMakeFiles/cmTC_f780a.dir/CheckSymbolExists.c.o: In function `main':
CheckSymbolExists.c:(.text+0x16): undefined reference to `pthread_create'
collect2: error: ld returned 1 exit status
CMakeFiles/cmTC_f780a.dir/build.make:97: recipe for target 'cmTC_f780a' failed
make[1]: *** [cmTC_f780a] Error 1
make[1]: Leaving directory '/home/student/smoothiebot_ws/build/moveit_personal/CMakeFiles/CMakeTmp'
Makefile:126: recipe for target 'cmTC_f780a/fast' failed
make: *** [cmTC_f780a/fast] Error 2

File /home/student/smoothiebot_ws/build/moveit_personal/CMakeFiles/CMakeTmp/CheckSymbolExists.c:
/* */
#include <pthread.h>

int main(int argc, char** argv)
{
  (void)argv;
#ifndef pthread_create
  return ((int*)(&pthread_create))[argc];
#else
  (void)argc;
  return 0;
#endif
}

Determining if the function pthread_create exists in the pthreads failed with the following output:
Change Dir: /home/student/smoothiebot_ws/build/moveit_personal/CMakeFiles/CMakeTmp

Run Build Command:"/usr/bin/make" "cmTC_b2577/fast"
/usr/bin/make -f CMakeFiles/cmTC_b2577.dir/build.make CMakeFiles/cmTC_b2577.dir/build
make[1]: Entering directory '/home/student/smoothiebot_ws/build/moveit_personal/CMakeFiles/CMakeTmp'
Building C object CMakeFiles/cmTC_b2577.dir/CheckFunctionExists.c.o
/usr/bin/cc    -DCHECK_FUNCTION_EXISTS=pthread_create   -o CMakeFiles/cmTC_b2577.dir/CheckFunctionExists.c.o   -c /usr/share/cmake-3.5/Modules/CheckFunctionExists.c
Linking C executable cmTC_b2577
/usr/bin/cmake -E cmake_link_script CMakeFiles/cmTC_b2577.dir/link.txt --verbose=1
/usr/bin/cc   -DCHECK_FUNCTION_EXISTS=pthread_create    CMakeFiles/cmTC_b2577.dir/CheckFunctionExists.c.o  -o cmTC_b2577 -rdynamic -lpthreads 
/usr/bin/ld: cannot find -lpthreads
collect2: error: ld returned 1 exit status
CMakeFiles/cmTC_b2577.dir/build.make:97: recipe for target 'cmTC_b2577' failed
make[1]: *** [cmTC_b2577] Error 1
make[1]: Leaving directory '/home/student/smoothiebot_ws/build/moveit_personal/CMakeFiles/CMakeTmp'
Makefile:126: recipe for target 'cmTC_b2577/fast' failed
make: *** [cmTC_b2577/fast] Error 2


