Determining if the pthread_create exist failed with the following output:
Change Dir: /home/student/smoothiebot_ws/build/multimaster_msgs_fkie/CMakeFiles/CMakeTmp

Run Build Command:"/usr/bin/make" "cmTC_746ec/fast"
/usr/bin/make -f CMakeFiles/cmTC_746ec.dir/build.make CMakeFiles/cmTC_746ec.dir/build
make[1]: Entering directory '/home/student/smoothiebot_ws/build/multimaster_msgs_fkie/CMakeFiles/CMakeTmp'
Building C object CMakeFiles/cmTC_746ec.dir/CheckSymbolExists.c.o
/usr/bin/cc     -o CMakeFiles/cmTC_746ec.dir/CheckSymbolExists.c.o   -c /home/student/smoothiebot_ws/build/multimaster_msgs_fkie/CMakeFiles/CMakeTmp/CheckSymbolExists.c
Linking C executable cmTC_746ec
/usr/bin/cmake -E cmake_link_script CMakeFiles/cmTC_746ec.dir/link.txt --verbose=1
/usr/bin/cc       CMakeFiles/cmTC_746ec.dir/CheckSymbolExists.c.o  -o cmTC_746ec -rdynamic 
CMakeFiles/cmTC_746ec.dir/CheckSymbolExists.c.o: In function `main':
CheckSymbolExists.c:(.text+0x16): undefined reference to `pthread_create'
collect2: error: ld returned 1 exit status
CMakeFiles/cmTC_746ec.dir/build.make:97: recipe for target 'cmTC_746ec' failed
make[1]: *** [cmTC_746ec] Error 1
make[1]: Leaving directory '/home/student/smoothiebot_ws/build/multimaster_msgs_fkie/CMakeFiles/CMakeTmp'
Makefile:126: recipe for target 'cmTC_746ec/fast' failed
make: *** [cmTC_746ec/fast] Error 2

File /home/student/smoothiebot_ws/build/multimaster_msgs_fkie/CMakeFiles/CMakeTmp/CheckSymbolExists.c:
/* */
#include <pthread.h>

int main(int argc, char** argv)
{
  (void)argv;
#ifndef pthread_create
  return ((int*)(&pthread_create))[argc];
#else
  (void)argc;
  return 0;
#endif
}

Determining if the function pthread_create exists in the pthreads failed with the following output:
Change Dir: /home/student/smoothiebot_ws/build/multimaster_msgs_fkie/CMakeFiles/CMakeTmp

Run Build Command:"/usr/bin/make" "cmTC_5f26e/fast"
/usr/bin/make -f CMakeFiles/cmTC_5f26e.dir/build.make CMakeFiles/cmTC_5f26e.dir/build
make[1]: Entering directory '/home/student/smoothiebot_ws/build/multimaster_msgs_fkie/CMakeFiles/CMakeTmp'
Building C object CMakeFiles/cmTC_5f26e.dir/CheckFunctionExists.c.o
/usr/bin/cc    -DCHECK_FUNCTION_EXISTS=pthread_create   -o CMakeFiles/cmTC_5f26e.dir/CheckFunctionExists.c.o   -c /usr/share/cmake-3.5/Modules/CheckFunctionExists.c
Linking C executable cmTC_5f26e
/usr/bin/cmake -E cmake_link_script CMakeFiles/cmTC_5f26e.dir/link.txt --verbose=1
/usr/bin/cc   -DCHECK_FUNCTION_EXISTS=pthread_create    CMakeFiles/cmTC_5f26e.dir/CheckFunctionExists.c.o  -o cmTC_5f26e -rdynamic -lpthreads 
/usr/bin/ld: cannot find -lpthreads
collect2: error: ld returned 1 exit status
CMakeFiles/cmTC_5f26e.dir/build.make:97: recipe for target 'cmTC_5f26e' failed
make[1]: *** [cmTC_5f26e] Error 1
make[1]: Leaving directory '/home/student/smoothiebot_ws/build/multimaster_msgs_fkie/CMakeFiles/CMakeTmp'
Makefile:126: recipe for target 'cmTC_5f26e/fast' failed
make: *** [cmTC_5f26e/fast] Error 2


