Determining if the pthread_create exist failed with the following output:
Change Dir: /home/student/smoothiebot_ws/build/moveit_setup_assistant/CMakeFiles/CMakeTmp

Run Build Command:"/usr/bin/make" "cmTC_52f77/fast"
/usr/bin/make -f CMakeFiles/cmTC_52f77.dir/build.make CMakeFiles/cmTC_52f77.dir/build
make[1]: Entering directory '/home/student/smoothiebot_ws/build/moveit_setup_assistant/CMakeFiles/CMakeTmp'
Building C object CMakeFiles/cmTC_52f77.dir/CheckSymbolExists.c.o
/usr/bin/cc     -o CMakeFiles/cmTC_52f77.dir/CheckSymbolExists.c.o   -c /home/student/smoothiebot_ws/build/moveit_setup_assistant/CMakeFiles/CMakeTmp/CheckSymbolExists.c
Linking C executable cmTC_52f77
/usr/bin/cmake -E cmake_link_script CMakeFiles/cmTC_52f77.dir/link.txt --verbose=1
/usr/bin/cc       CMakeFiles/cmTC_52f77.dir/CheckSymbolExists.c.o  -o cmTC_52f77 -rdynamic 
CMakeFiles/cmTC_52f77.dir/CheckSymbolExists.c.o: In function `main':
CheckSymbolExists.c:(.text+0x16): undefined reference to `pthread_create'
collect2: error: ld returned 1 exit status
CMakeFiles/cmTC_52f77.dir/build.make:97: recipe for target 'cmTC_52f77' failed
make[1]: *** [cmTC_52f77] Error 1
make[1]: Leaving directory '/home/student/smoothiebot_ws/build/moveit_setup_assistant/CMakeFiles/CMakeTmp'
Makefile:126: recipe for target 'cmTC_52f77/fast' failed
make: *** [cmTC_52f77/fast] Error 2

File /home/student/smoothiebot_ws/build/moveit_setup_assistant/CMakeFiles/CMakeTmp/CheckSymbolExists.c:
/* */
#include <pthread.h>

int main(int argc, char** argv)
{
  (void)argv;
#ifndef pthread_create
  return ((int*)(&pthread_create))[argc];
#else
  (void)argc;
  return 0;
#endif
}

Determining if the function pthread_create exists in the pthreads failed with the following output:
Change Dir: /home/student/smoothiebot_ws/build/moveit_setup_assistant/CMakeFiles/CMakeTmp

Run Build Command:"/usr/bin/make" "cmTC_d9875/fast"
/usr/bin/make -f CMakeFiles/cmTC_d9875.dir/build.make CMakeFiles/cmTC_d9875.dir/build
make[1]: Entering directory '/home/student/smoothiebot_ws/build/moveit_setup_assistant/CMakeFiles/CMakeTmp'
Building C object CMakeFiles/cmTC_d9875.dir/CheckFunctionExists.c.o
/usr/bin/cc    -DCHECK_FUNCTION_EXISTS=pthread_create   -o CMakeFiles/cmTC_d9875.dir/CheckFunctionExists.c.o   -c /usr/share/cmake-3.5/Modules/CheckFunctionExists.c
Linking C executable cmTC_d9875
/usr/bin/cmake -E cmake_link_script CMakeFiles/cmTC_d9875.dir/link.txt --verbose=1
/usr/bin/cc   -DCHECK_FUNCTION_EXISTS=pthread_create    CMakeFiles/cmTC_d9875.dir/CheckFunctionExists.c.o  -o cmTC_d9875 -rdynamic -lpthreads 
/usr/bin/ld: cannot find -lpthreads
collect2: error: ld returned 1 exit status
CMakeFiles/cmTC_d9875.dir/build.make:97: recipe for target 'cmTC_d9875' failed
make[1]: *** [cmTC_d9875] Error 1
make[1]: Leaving directory '/home/student/smoothiebot_ws/build/moveit_setup_assistant/CMakeFiles/CMakeTmp'
Makefile:126: recipe for target 'cmTC_d9875/fast' failed
make: *** [cmTC_d9875/fast] Error 2


