Determining if the pthread_create exist failed with the following output:
Change Dir: /home/student/smoothiebot_ws/build/moveit_ros_warehouse/CMakeFiles/CMakeTmp

Run Build Command:"/usr/bin/make" "cmTC_bb14c/fast"
/usr/bin/make -f CMakeFiles/cmTC_bb14c.dir/build.make CMakeFiles/cmTC_bb14c.dir/build
make[1]: Entering directory '/home/student/smoothiebot_ws/build/moveit_ros_warehouse/CMakeFiles/CMakeTmp'
Building C object CMakeFiles/cmTC_bb14c.dir/CheckSymbolExists.c.o
/usr/bin/cc     -o CMakeFiles/cmTC_bb14c.dir/CheckSymbolExists.c.o   -c /home/student/smoothiebot_ws/build/moveit_ros_warehouse/CMakeFiles/CMakeTmp/CheckSymbolExists.c
Linking C executable cmTC_bb14c
/usr/bin/cmake -E cmake_link_script CMakeFiles/cmTC_bb14c.dir/link.txt --verbose=1
/usr/bin/cc       CMakeFiles/cmTC_bb14c.dir/CheckSymbolExists.c.o  -o cmTC_bb14c -rdynamic 
CMakeFiles/cmTC_bb14c.dir/CheckSymbolExists.c.o: In function `main':
CheckSymbolExists.c:(.text+0x16): undefined reference to `pthread_create'
collect2: error: ld returned 1 exit status
CMakeFiles/cmTC_bb14c.dir/build.make:97: recipe for target 'cmTC_bb14c' failed
make[1]: *** [cmTC_bb14c] Error 1
make[1]: Leaving directory '/home/student/smoothiebot_ws/build/moveit_ros_warehouse/CMakeFiles/CMakeTmp'
Makefile:126: recipe for target 'cmTC_bb14c/fast' failed
make: *** [cmTC_bb14c/fast] Error 2

File /home/student/smoothiebot_ws/build/moveit_ros_warehouse/CMakeFiles/CMakeTmp/CheckSymbolExists.c:
/* */
#include <pthread.h>

int main(int argc, char** argv)
{
  (void)argv;
#ifndef pthread_create
  return ((int*)(&pthread_create))[argc];
#else
  (void)argc;
  return 0;
#endif
}

Determining if the function pthread_create exists in the pthreads failed with the following output:
Change Dir: /home/student/smoothiebot_ws/build/moveit_ros_warehouse/CMakeFiles/CMakeTmp

Run Build Command:"/usr/bin/make" "cmTC_4c59f/fast"
/usr/bin/make -f CMakeFiles/cmTC_4c59f.dir/build.make CMakeFiles/cmTC_4c59f.dir/build
make[1]: Entering directory '/home/student/smoothiebot_ws/build/moveit_ros_warehouse/CMakeFiles/CMakeTmp'
Building C object CMakeFiles/cmTC_4c59f.dir/CheckFunctionExists.c.o
/usr/bin/cc    -DCHECK_FUNCTION_EXISTS=pthread_create   -o CMakeFiles/cmTC_4c59f.dir/CheckFunctionExists.c.o   -c /usr/share/cmake-3.5/Modules/CheckFunctionExists.c
Linking C executable cmTC_4c59f
/usr/bin/cmake -E cmake_link_script CMakeFiles/cmTC_4c59f.dir/link.txt --verbose=1
/usr/bin/cc   -DCHECK_FUNCTION_EXISTS=pthread_create    CMakeFiles/cmTC_4c59f.dir/CheckFunctionExists.c.o  -o cmTC_4c59f -rdynamic -lpthreads 
/usr/bin/ld: cannot find -lpthreads
collect2: error: ld returned 1 exit status
CMakeFiles/cmTC_4c59f.dir/build.make:97: recipe for target 'cmTC_4c59f' failed
make[1]: *** [cmTC_4c59f] Error 1
make[1]: Leaving directory '/home/student/smoothiebot_ws/build/moveit_ros_warehouse/CMakeFiles/CMakeTmp'
Makefile:126: recipe for target 'cmTC_4c59f/fast' failed
make: *** [cmTC_4c59f/fast] Error 2


