Determining if the pthread_create exist failed with the following output:
Change Dir: /home/student/smoothiebot_ws/build/fetch_depth_layer/CMakeFiles/CMakeTmp

Run Build Command:"/usr/bin/make" "cmTC_9661d/fast"
/usr/bin/make -f CMakeFiles/cmTC_9661d.dir/build.make CMakeFiles/cmTC_9661d.dir/build
make[1]: Entering directory '/home/student/smoothiebot_ws/build/fetch_depth_layer/CMakeFiles/CMakeTmp'
Building C object CMakeFiles/cmTC_9661d.dir/CheckSymbolExists.c.o
/usr/bin/cc     -o CMakeFiles/cmTC_9661d.dir/CheckSymbolExists.c.o   -c /home/student/smoothiebot_ws/build/fetch_depth_layer/CMakeFiles/CMakeTmp/CheckSymbolExists.c
Linking C executable cmTC_9661d
/usr/bin/cmake -E cmake_link_script CMakeFiles/cmTC_9661d.dir/link.txt --verbose=1
/usr/bin/cc       CMakeFiles/cmTC_9661d.dir/CheckSymbolExists.c.o  -o cmTC_9661d -rdynamic 
CMakeFiles/cmTC_9661d.dir/CheckSymbolExists.c.o: In function `main':
CheckSymbolExists.c:(.text+0x16): undefined reference to `pthread_create'
collect2: error: ld returned 1 exit status
CMakeFiles/cmTC_9661d.dir/build.make:97: recipe for target 'cmTC_9661d' failed
make[1]: *** [cmTC_9661d] Error 1
make[1]: Leaving directory '/home/student/smoothiebot_ws/build/fetch_depth_layer/CMakeFiles/CMakeTmp'
Makefile:126: recipe for target 'cmTC_9661d/fast' failed
make: *** [cmTC_9661d/fast] Error 2

File /home/student/smoothiebot_ws/build/fetch_depth_layer/CMakeFiles/CMakeTmp/CheckSymbolExists.c:
/* */
#include <pthread.h>

int main(int argc, char** argv)
{
  (void)argv;
#ifndef pthread_create
  return ((int*)(&pthread_create))[argc];
#else
  (void)argc;
  return 0;
#endif
}

Determining if the function pthread_create exists in the pthreads failed with the following output:
Change Dir: /home/student/smoothiebot_ws/build/fetch_depth_layer/CMakeFiles/CMakeTmp

Run Build Command:"/usr/bin/make" "cmTC_fa357/fast"
/usr/bin/make -f CMakeFiles/cmTC_fa357.dir/build.make CMakeFiles/cmTC_fa357.dir/build
make[1]: Entering directory '/home/student/smoothiebot_ws/build/fetch_depth_layer/CMakeFiles/CMakeTmp'
Building C object CMakeFiles/cmTC_fa357.dir/CheckFunctionExists.c.o
/usr/bin/cc    -DCHECK_FUNCTION_EXISTS=pthread_create   -o CMakeFiles/cmTC_fa357.dir/CheckFunctionExists.c.o   -c /usr/share/cmake-3.5/Modules/CheckFunctionExists.c
Linking C executable cmTC_fa357
/usr/bin/cmake -E cmake_link_script CMakeFiles/cmTC_fa357.dir/link.txt --verbose=1
/usr/bin/cc   -DCHECK_FUNCTION_EXISTS=pthread_create    CMakeFiles/cmTC_fa357.dir/CheckFunctionExists.c.o  -o cmTC_fa357 -rdynamic -lpthreads 
/usr/bin/ld: cannot find -lpthreads
collect2: error: ld returned 1 exit status
CMakeFiles/cmTC_fa357.dir/build.make:97: recipe for target 'cmTC_fa357' failed
make[1]: *** [cmTC_fa357] Error 1
make[1]: Leaving directory '/home/student/smoothiebot_ws/build/fetch_depth_layer/CMakeFiles/CMakeTmp'
Makefile:126: recipe for target 'cmTC_fa357/fast' failed
make: *** [cmTC_fa357/fast] Error 2


