[  0%] Built target _multimaster_msgs_fkie_generate_messages_check_deps_LinkStatesStamped
[  0%] Built target _multimaster_msgs_fkie_generate_messages_check_deps_Capability
[  0%] Built target _multimaster_msgs_fkie_generate_messages_check_deps_LinkState
[  0%] Built target _multimaster_msgs_fkie_generate_messages_check_deps_ListNodes
[  0%] Built target std_msgs_generate_messages_cpp
[  0%] Built target _multimaster_msgs_fkie_generate_messages_check_deps_LoadLaunch
[  0%] Built target _multimaster_msgs_fkie_generate_messages_check_deps_GetSyncInfo
[  0%] Built target _multimaster_msgs_fkie_generate_messages_check_deps_SyncServiceInfo
[  0%] Built target _multimaster_msgs_fkie_generate_messages_check_deps_ROSMaster
[  0%] Built target _multimaster_msgs_fkie_generate_messages_check_deps_SyncTopicInfo
[  0%] Built target _multimaster_msgs_fkie_generate_messages_check_deps_MasterState
[  0%] Built target _multimaster_msgs_fkie_generate_messages_check_deps_ListDescription
[  0%] Built target _multimaster_msgs_fkie_generate_messages_check_deps_Task
[  0%] Built target std_msgs_generate_messages_py
[  0%] Built target std_msgs_generate_messages_nodejs
[  0%] Built target _multimaster_msgs_fkie_generate_messages_check_deps_DiscoverMasters
[  0%] Built target _multimaster_msgs_fkie_generate_messages_check_deps_SyncMasterInfo
[  0%] Built target std_msgs_generate_messages_lisp
[  0%] Built target std_msgs_generate_messages_eus
[ 19%] Built target multimaster_msgs_fkie_generate_messages_cpp
[ 41%] Built target multimaster_msgs_fkie_generate_messages_py
[ 60%] Built target multimaster_msgs_fkie_generate_messages_nodejs
[ 79%] Built target multimaster_msgs_fkie_generate_messages_lisp
[100%] Built target multimaster_msgs_fkie_generate_messages_eus
[100%] Built target multimaster_msgs_fkie_generate_messages
