Symlinking /home/student/smoothiebot_ws/devel/lib/pkgconfig/multimaster_msgs_fkie.pc
Symlinking /home/student/smoothiebot_ws/devel/lib/python2.7/dist-packages/multimaster_msgs_fkie/__init__.py
Symlinking /home/student/smoothiebot_ws/devel/lib/python2.7/dist-packages/multimaster_msgs_fkie/msg/_MasterState.py
Symlinking /home/student/smoothiebot_ws/devel/lib/python2.7/dist-packages/multimaster_msgs_fkie/msg/_ROSMaster.py
Symlinking /home/student/smoothiebot_ws/devel/lib/python2.7/dist-packages/multimaster_msgs_fkie/msg/_SyncTopicInfo.py
Symlinking /home/student/smoothiebot_ws/devel/lib/python2.7/dist-packages/multimaster_msgs_fkie/msg/_LinkState.py
Symlinking /home/student/smoothiebot_ws/devel/lib/python2.7/dist-packages/multimaster_msgs_fkie/msg/__init__.py
Symlinking /home/student/smoothiebot_ws/devel/lib/python2.7/dist-packages/multimaster_msgs_fkie/msg/_Capability.py
Symlinking /home/student/smoothiebot_ws/devel/lib/python2.7/dist-packages/multimaster_msgs_fkie/msg/_SyncMasterInfo.py
Symlinking /home/student/smoothiebot_ws/devel/lib/python2.7/dist-packages/multimaster_msgs_fkie/msg/_LinkStatesStamped.py
Symlinking /home/student/smoothiebot_ws/devel/lib/python2.7/dist-packages/multimaster_msgs_fkie/msg/_SyncServiceInfo.py
Symlinking /home/student/smoothiebot_ws/devel/lib/python2.7/dist-packages/multimaster_msgs_fkie/srv/_ListNodes.py
Symlinking /home/student/smoothiebot_ws/devel/lib/python2.7/dist-packages/multimaster_msgs_fkie/srv/_LoadLaunch.py
Symlinking /home/student/smoothiebot_ws/devel/lib/python2.7/dist-packages/multimaster_msgs_fkie/srv/_GetSyncInfo.py
Symlinking /home/student/smoothiebot_ws/devel/lib/python2.7/dist-packages/multimaster_msgs_fkie/srv/_ListDescription.py
Symlinking /home/student/smoothiebot_ws/devel/lib/python2.7/dist-packages/multimaster_msgs_fkie/srv/__init__.py
Symlinking /home/student/smoothiebot_ws/devel/lib/python2.7/dist-packages/multimaster_msgs_fkie/srv/_DiscoverMasters.py
Symlinking /home/student/smoothiebot_ws/devel/lib/python2.7/dist-packages/multimaster_msgs_fkie/srv/_Task.py
Symlinking /home/student/smoothiebot_ws/devel/include/multimaster_msgs_fkie/TaskResponse.h
Symlinking /home/student/smoothiebot_ws/devel/include/multimaster_msgs_fkie/GetSyncInfoRequest.h
Symlinking /home/student/smoothiebot_ws/devel/include/multimaster_msgs_fkie/LinkStatesStamped.h
Symlinking /home/student/smoothiebot_ws/devel/include/multimaster_msgs_fkie/ListDescriptionResponse.h
Symlinking /home/student/smoothiebot_ws/devel/include/multimaster_msgs_fkie/ListNodesResponse.h
Symlinking /home/student/smoothiebot_ws/devel/include/multimaster_msgs_fkie/Capability.h
Symlinking /home/student/smoothiebot_ws/devel/include/multimaster_msgs_fkie/LoadLaunch.h
Symlinking /home/student/smoothiebot_ws/devel/include/multimaster_msgs_fkie/DiscoverMasters.h
Symlinking /home/student/smoothiebot_ws/devel/include/multimaster_msgs_fkie/ListDescriptionRequest.h
Symlinking /home/student/smoothiebot_ws/devel/include/multimaster_msgs_fkie/Task.h
Symlinking /home/student/smoothiebot_ws/devel/include/multimaster_msgs_fkie/GetSyncInfoResponse.h
Symlinking /home/student/smoothiebot_ws/devel/include/multimaster_msgs_fkie/LoadLaunchRequest.h
Symlinking /home/student/smoothiebot_ws/devel/include/multimaster_msgs_fkie/GetSyncInfo.h
Symlinking /home/student/smoothiebot_ws/devel/include/multimaster_msgs_fkie/MasterState.h
Symlinking /home/student/smoothiebot_ws/devel/include/multimaster_msgs_fkie/DiscoverMastersResponse.h
Symlinking /home/student/smoothiebot_ws/devel/include/multimaster_msgs_fkie/SyncTopicInfo.h
Symlinking /home/student/smoothiebot_ws/devel/include/multimaster_msgs_fkie/DiscoverMastersRequest.h
Symlinking /home/student/smoothiebot_ws/devel/include/multimaster_msgs_fkie/ListDescription.h
Symlinking /home/student/smoothiebot_ws/devel/include/multimaster_msgs_fkie/ROSMaster.h
Symlinking /home/student/smoothiebot_ws/devel/include/multimaster_msgs_fkie/ListNodes.h
Symlinking /home/student/smoothiebot_ws/devel/include/multimaster_msgs_fkie/LinkState.h
Symlinking /home/student/smoothiebot_ws/devel/include/multimaster_msgs_fkie/ListNodesRequest.h
Symlinking /home/student/smoothiebot_ws/devel/include/multimaster_msgs_fkie/TaskRequest.h
Symlinking /home/student/smoothiebot_ws/devel/include/multimaster_msgs_fkie/SyncMasterInfo.h
Symlinking /home/student/smoothiebot_ws/devel/include/multimaster_msgs_fkie/LoadLaunchResponse.h
Symlinking /home/student/smoothiebot_ws/devel/include/multimaster_msgs_fkie/SyncServiceInfo.h
Symlinking /home/student/smoothiebot_ws/devel/share/gennodejs/ros/multimaster_msgs_fkie/_index.js
Symlinking /home/student/smoothiebot_ws/devel/share/gennodejs/ros/multimaster_msgs_fkie/msg/ROSMaster.js
Symlinking /home/student/smoothiebot_ws/devel/share/gennodejs/ros/multimaster_msgs_fkie/msg/_index.js
Symlinking /home/student/smoothiebot_ws/devel/share/gennodejs/ros/multimaster_msgs_fkie/msg/LinkState.js
Symlinking /home/student/smoothiebot_ws/devel/share/gennodejs/ros/multimaster_msgs_fkie/msg/SyncServiceInfo.js
Symlinking /home/student/smoothiebot_ws/devel/share/gennodejs/ros/multimaster_msgs_fkie/msg/LinkStatesStamped.js
Symlinking /home/student/smoothiebot_ws/devel/share/gennodejs/ros/multimaster_msgs_fkie/msg/Capability.js
Symlinking /home/student/smoothiebot_ws/devel/share/gennodejs/ros/multimaster_msgs_fkie/msg/SyncMasterInfo.js
Symlinking /home/student/smoothiebot_ws/devel/share/gennodejs/ros/multimaster_msgs_fkie/msg/MasterState.js
Symlinking /home/student/smoothiebot_ws/devel/share/gennodejs/ros/multimaster_msgs_fkie/msg/SyncTopicInfo.js
Symlinking /home/student/smoothiebot_ws/devel/share/gennodejs/ros/multimaster_msgs_fkie/srv/DiscoverMasters.js
Symlinking /home/student/smoothiebot_ws/devel/share/gennodejs/ros/multimaster_msgs_fkie/srv/LoadLaunch.js
Symlinking /home/student/smoothiebot_ws/devel/share/gennodejs/ros/multimaster_msgs_fkie/srv/_index.js
Symlinking /home/student/smoothiebot_ws/devel/share/gennodejs/ros/multimaster_msgs_fkie/srv/ListNodes.js
Symlinking /home/student/smoothiebot_ws/devel/share/gennodejs/ros/multimaster_msgs_fkie/srv/GetSyncInfo.js
Symlinking /home/student/smoothiebot_ws/devel/share/gennodejs/ros/multimaster_msgs_fkie/srv/Task.js
Symlinking /home/student/smoothiebot_ws/devel/share/gennodejs/ros/multimaster_msgs_fkie/srv/ListDescription.js
Symlinking /home/student/smoothiebot_ws/devel/share/roseus/ros/multimaster_msgs_fkie/manifest.l
Symlinking /home/student/smoothiebot_ws/devel/share/roseus/ros/multimaster_msgs_fkie/msg/SyncTopicInfo.l
Symlinking /home/student/smoothiebot_ws/devel/share/roseus/ros/multimaster_msgs_fkie/msg/MasterState.l
Symlinking /home/student/smoothiebot_ws/devel/share/roseus/ros/multimaster_msgs_fkie/msg/LinkStatesStamped.l
Symlinking /home/student/smoothiebot_ws/devel/share/roseus/ros/multimaster_msgs_fkie/msg/Capability.l
Symlinking /home/student/smoothiebot_ws/devel/share/roseus/ros/multimaster_msgs_fkie/msg/SyncMasterInfo.l
Symlinking /home/student/smoothiebot_ws/devel/share/roseus/ros/multimaster_msgs_fkie/msg/ROSMaster.l
Symlinking /home/student/smoothiebot_ws/devel/share/roseus/ros/multimaster_msgs_fkie/msg/SyncServiceInfo.l
Symlinking /home/student/smoothiebot_ws/devel/share/roseus/ros/multimaster_msgs_fkie/msg/LinkState.l
Symlinking /home/student/smoothiebot_ws/devel/share/roseus/ros/multimaster_msgs_fkie/srv/DiscoverMasters.l
Symlinking /home/student/smoothiebot_ws/devel/share/roseus/ros/multimaster_msgs_fkie/srv/ListDescription.l
Symlinking /home/student/smoothiebot_ws/devel/share/roseus/ros/multimaster_msgs_fkie/srv/Task.l
Symlinking /home/student/smoothiebot_ws/devel/share/roseus/ros/multimaster_msgs_fkie/srv/ListNodes.l
Symlinking /home/student/smoothiebot_ws/devel/share/roseus/ros/multimaster_msgs_fkie/srv/GetSyncInfo.l
Symlinking /home/student/smoothiebot_ws/devel/share/roseus/ros/multimaster_msgs_fkie/srv/LoadLaunch.l
Symlinking /home/student/smoothiebot_ws/devel/share/multimaster_msgs_fkie/cmake/multimaster_msgs_fkie-msg-paths.cmake
Symlinking /home/student/smoothiebot_ws/devel/share/multimaster_msgs_fkie/cmake/multimaster_msgs_fkieConfig-version.cmake
Symlinking /home/student/smoothiebot_ws/devel/share/multimaster_msgs_fkie/cmake/multimaster_msgs_fkie-msg-extras.cmake
Symlinking /home/student/smoothiebot_ws/devel/share/multimaster_msgs_fkie/cmake/multimaster_msgs_fkieConfig.cmake
Symlinking /home/student/smoothiebot_ws/devel/share/common-lisp/ros/multimaster_msgs_fkie/msg/_package_SyncServiceInfo.lisp
Symlinking /home/student/smoothiebot_ws/devel/share/common-lisp/ros/multimaster_msgs_fkie/msg/LinkStatesStamped.lisp
Symlinking /home/student/smoothiebot_ws/devel/share/common-lisp/ros/multimaster_msgs_fkie/msg/SyncServiceInfo.lisp
Symlinking /home/student/smoothiebot_ws/devel/share/common-lisp/ros/multimaster_msgs_fkie/msg/SyncTopicInfo.lisp
Symlinking /home/student/smoothiebot_ws/devel/share/common-lisp/ros/multimaster_msgs_fkie/msg/_package_SyncTopicInfo.lisp
Symlinking /home/student/smoothiebot_ws/devel/share/common-lisp/ros/multimaster_msgs_fkie/msg/multimaster_msgs_fkie-msg.asd
Symlinking /home/student/smoothiebot_ws/devel/share/common-lisp/ros/multimaster_msgs_fkie/msg/_package_Capability.lisp
Symlinking /home/student/smoothiebot_ws/devel/share/common-lisp/ros/multimaster_msgs_fkie/msg/_package_ROSMaster.lisp
Symlinking /home/student/smoothiebot_ws/devel/share/common-lisp/ros/multimaster_msgs_fkie/msg/_package.lisp
Symlinking /home/student/smoothiebot_ws/devel/share/common-lisp/ros/multimaster_msgs_fkie/msg/_package_SyncMasterInfo.lisp
Symlinking /home/student/smoothiebot_ws/devel/share/common-lisp/ros/multimaster_msgs_fkie/msg/SyncMasterInfo.lisp
Symlinking /home/student/smoothiebot_ws/devel/share/common-lisp/ros/multimaster_msgs_fkie/msg/_package_MasterState.lisp
Symlinking /home/student/smoothiebot_ws/devel/share/common-lisp/ros/multimaster_msgs_fkie/msg/_package_LinkState.lisp
Symlinking /home/student/smoothiebot_ws/devel/share/common-lisp/ros/multimaster_msgs_fkie/msg/MasterState.lisp
Symlinking /home/student/smoothiebot_ws/devel/share/common-lisp/ros/multimaster_msgs_fkie/msg/Capability.lisp
Symlinking /home/student/smoothiebot_ws/devel/share/common-lisp/ros/multimaster_msgs_fkie/msg/_package_LinkStatesStamped.lisp
Symlinking /home/student/smoothiebot_ws/devel/share/common-lisp/ros/multimaster_msgs_fkie/msg/ROSMaster.lisp
Symlinking /home/student/smoothiebot_ws/devel/share/common-lisp/ros/multimaster_msgs_fkie/msg/LinkState.lisp
Symlinking /home/student/smoothiebot_ws/devel/share/common-lisp/ros/multimaster_msgs_fkie/srv/_package_ListNodes.lisp
Symlinking /home/student/smoothiebot_ws/devel/share/common-lisp/ros/multimaster_msgs_fkie/srv/_package_DiscoverMasters.lisp
Symlinking /home/student/smoothiebot_ws/devel/share/common-lisp/ros/multimaster_msgs_fkie/srv/GetSyncInfo.lisp
Symlinking /home/student/smoothiebot_ws/devel/share/common-lisp/ros/multimaster_msgs_fkie/srv/Task.lisp
Symlinking /home/student/smoothiebot_ws/devel/share/common-lisp/ros/multimaster_msgs_fkie/srv/_package_ListDescription.lisp
Symlinking /home/student/smoothiebot_ws/devel/share/common-lisp/ros/multimaster_msgs_fkie/srv/_package_LoadLaunch.lisp
Symlinking /home/student/smoothiebot_ws/devel/share/common-lisp/ros/multimaster_msgs_fkie/srv/DiscoverMasters.lisp
Symlinking /home/student/smoothiebot_ws/devel/share/common-lisp/ros/multimaster_msgs_fkie/srv/_package_GetSyncInfo.lisp
Symlinking /home/student/smoothiebot_ws/devel/share/common-lisp/ros/multimaster_msgs_fkie/srv/ListDescription.lisp
Symlinking /home/student/smoothiebot_ws/devel/share/common-lisp/ros/multimaster_msgs_fkie/srv/_package.lisp
Symlinking /home/student/smoothiebot_ws/devel/share/common-lisp/ros/multimaster_msgs_fkie/srv/multimaster_msgs_fkie-srv.asd
Symlinking /home/student/smoothiebot_ws/devel/share/common-lisp/ros/multimaster_msgs_fkie/srv/LoadLaunch.lisp
Symlinking /home/student/smoothiebot_ws/devel/share/common-lisp/ros/multimaster_msgs_fkie/srv/ListNodes.lisp
Symlinking /home/student/smoothiebot_ws/devel/share/common-lisp/ros/multimaster_msgs_fkie/srv/_package_Task.lisp
