[35m[1mScanning dependencies of target _multimaster_msgs_fkie_generate_messages_check_deps_LinkState[0m
[35m[1mScanning dependencies of target _multimaster_msgs_fkie_generate_messages_check_deps_Capability[0m
[35m[1mScanning dependencies of target _multimaster_msgs_fkie_generate_messages_check_deps_LinkStatesStamped[0m
[35m[1mScanning dependencies of target _multimaster_msgs_fkie_generate_messages_check_deps_ListNodes[0m
[  0%] Built target _multimaster_msgs_fkie_generate_messages_check_deps_LinkStatesStamped
[  0%] Built target _multimaster_msgs_fkie_generate_messages_check_deps_LinkState
[  0%] Built target _multimaster_msgs_fkie_generate_messages_check_deps_Capability
[  0%] Built target _multimaster_msgs_fkie_generate_messages_check_deps_ListNodes
[35m[1mScanning dependencies of target _multimaster_msgs_fkie_generate_messages_check_deps_LoadLaunch[0m
[35m[1mScanning dependencies of target std_msgs_generate_messages_cpp[0m
[35m[1mScanning dependencies of target _multimaster_msgs_fkie_generate_messages_check_deps_SyncServiceInfo[0m
[35m[1mScanning dependencies of target _multimaster_msgs_fkie_generate_messages_check_deps_GetSyncInfo[0m
[  0%] Built target std_msgs_generate_messages_cpp
[35m[1mScanning dependencies of target _multimaster_msgs_fkie_generate_messages_check_deps_ROSMaster[0m
[  0%] Built target _multimaster_msgs_fkie_generate_messages_check_deps_SyncServiceInfo
[  0%] Built target _multimaster_msgs_fkie_generate_messages_check_deps_LoadLaunch
[  0%] Built target _multimaster_msgs_fkie_generate_messages_check_deps_GetSyncInfo
[35m[1mScanning dependencies of target _multimaster_msgs_fkie_generate_messages_check_deps_SyncTopicInfo[0m
[35m[1mScanning dependencies of target _multimaster_msgs_fkie_generate_messages_check_deps_MasterState[0m
[35m[1mScanning dependencies of target _multimaster_msgs_fkie_generate_messages_check_deps_ListDescription[0m
[  0%] Built target _multimaster_msgs_fkie_generate_messages_check_deps_ROSMaster
[35m[1mScanning dependencies of target _multimaster_msgs_fkie_generate_messages_check_deps_Task[0m
[  0%] Built target _multimaster_msgs_fkie_generate_messages_check_deps_MasterState
[  0%] Built target _multimaster_msgs_fkie_generate_messages_check_deps_SyncTopicInfo
[  0%] Built target _multimaster_msgs_fkie_generate_messages_check_deps_ListDescription
[35m[1mScanning dependencies of target _multimaster_msgs_fkie_generate_messages_check_deps_DiscoverMasters[0m
[35m[1mScanning dependencies of target std_msgs_generate_messages_py[0m
[35m[1mScanning dependencies of target _multimaster_msgs_fkie_generate_messages_check_deps_SyncMasterInfo[0m
[  0%] Built target _multimaster_msgs_fkie_generate_messages_check_deps_Task
[  0%] Built target std_msgs_generate_messages_py
[35m[1mScanning dependencies of target std_msgs_generate_messages_nodejs[0m
[35m[1mScanning dependencies of target std_msgs_generate_messages_lisp[0m
[  0%] Built target std_msgs_generate_messages_nodejs
[  0%] Built target std_msgs_generate_messages_lisp
[  0%] Built target _multimaster_msgs_fkie_generate_messages_check_deps_DiscoverMasters
[  0%] Built target _multimaster_msgs_fkie_generate_messages_check_deps_SyncMasterInfo
[35m[1mScanning dependencies of target std_msgs_generate_messages_eus[0m
[35m[1mScanning dependencies of target multimaster_msgs_fkie_generate_messages_cpp[0m
[35m[1mScanning dependencies of target multimaster_msgs_fkie_generate_messages_py[0m
[35m[1mScanning dependencies of target multimaster_msgs_fkie_generate_messages_nodejs[0m
[  0%] Built target std_msgs_generate_messages_eus
[  1%] [34m[1mGenerating C++ code from multimaster_msgs_fkie/SyncTopicInfo.msg[0m
[  2%] [34m[1mGenerating Python from MSG multimaster_msgs_fkie/SyncTopicInfo[0m
[  4%] [34m[1mGenerating Javascript code from multimaster_msgs_fkie/SyncTopicInfo.msg[0m
[35m[1mScanning dependencies of target multimaster_msgs_fkie_generate_messages_lisp[0m
[  5%] [34m[1mGenerating Lisp code from multimaster_msgs_fkie/SyncTopicInfo.msg[0m
[  6%] [34m[1mGenerating Javascript code from multimaster_msgs_fkie/ROSMaster.msg[0m
[  8%] [34m[1mGenerating Lisp code from multimaster_msgs_fkie/ROSMaster.msg[0m
[  9%] [34m[1mGenerating Javascript code from multimaster_msgs_fkie/MasterState.msg[0m
[ 10%] [34m[1mGenerating Lisp code from multimaster_msgs_fkie/MasterState.msg[0m
[ 12%] [34m[1mGenerating Python from MSG multimaster_msgs_fkie/ROSMaster[0m
[ 13%] [34m[1mGenerating Javascript code from multimaster_msgs_fkie/SyncServiceInfo.msg[0m
[ 15%] [34m[1mGenerating Lisp code from multimaster_msgs_fkie/SyncServiceInfo.msg[0m
[ 16%] [34m[1mGenerating C++ code from multimaster_msgs_fkie/ROSMaster.msg[0m
[ 17%] [34m[1mGenerating Javascript code from multimaster_msgs_fkie/LinkStatesStamped.msg[0m
[ 19%] [34m[1mGenerating Lisp code from multimaster_msgs_fkie/LinkStatesStamped.msg[0m
[ 20%] [34m[1mGenerating Javascript code from multimaster_msgs_fkie/LinkState.msg[0m
[ 21%] [34m[1mGenerating Python from MSG multimaster_msgs_fkie/MasterState[0m
[ 23%] [34m[1mGenerating Lisp code from multimaster_msgs_fkie/LinkState.msg[0m
[ 24%] [34m[1mGenerating Javascript code from multimaster_msgs_fkie/SyncMasterInfo.msg[0m
[ 26%] [34m[1mGenerating Lisp code from multimaster_msgs_fkie/SyncMasterInfo.msg[0m
[ 27%] [34m[1mGenerating Javascript code from multimaster_msgs_fkie/Capability.msg[0m
[ 28%] [34m[1mGenerating C++ code from multimaster_msgs_fkie/MasterState.msg[0m
[ 30%] [34m[1mGenerating Python from MSG multimaster_msgs_fkie/SyncServiceInfo[0m
[ 31%] [34m[1mGenerating Lisp code from multimaster_msgs_fkie/Capability.msg[0m
[ 32%] [34m[1mGenerating Javascript code from multimaster_msgs_fkie/LoadLaunch.srv[0m
[ 34%] [34m[1mGenerating Lisp code from multimaster_msgs_fkie/LoadLaunch.srv[0m
[ 35%] [34m[1mGenerating Javascript code from multimaster_msgs_fkie/GetSyncInfo.srv[0m
[ 36%] [34m[1mGenerating Lisp code from multimaster_msgs_fkie/GetSyncInfo.srv[0m
[ 38%] [34m[1mGenerating Javascript code from multimaster_msgs_fkie/ListDescription.srv[0m
[ 39%] [34m[1mGenerating Python from MSG multimaster_msgs_fkie/LinkStatesStamped[0m
[ 41%] [34m[1mGenerating Lisp code from multimaster_msgs_fkie/ListDescription.srv[0m
[ 42%] [34m[1mGenerating Javascript code from multimaster_msgs_fkie/DiscoverMasters.srv[0m
[ 43%] [34m[1mGenerating C++ code from multimaster_msgs_fkie/SyncServiceInfo.msg[0m
[ 45%] [34m[1mGenerating Lisp code from multimaster_msgs_fkie/DiscoverMasters.srv[0m
[ 46%] [34m[1mGenerating Javascript code from multimaster_msgs_fkie/Task.srv[0m
[ 47%] [34m[1mGenerating Python from MSG multimaster_msgs_fkie/LinkState[0m
[ 49%] [34m[1mGenerating Lisp code from multimaster_msgs_fkie/Task.srv[0m
[ 50%] [34m[1mGenerating Javascript code from multimaster_msgs_fkie/ListNodes.srv[0m
[ 52%] [34m[1mGenerating Lisp code from multimaster_msgs_fkie/ListNodes.srv[0m
[ 52%] Built target multimaster_msgs_fkie_generate_messages_nodejs
[35m[1mScanning dependencies of target multimaster_msgs_fkie_generate_messages_eus[0m
[ 53%] [34m[1mGenerating EusLisp code from multimaster_msgs_fkie/SyncTopicInfo.msg[0m
[ 53%] Built target multimaster_msgs_fkie_generate_messages_lisp
[ 54%] [34m[1mGenerating C++ code from multimaster_msgs_fkie/LinkStatesStamped.msg[0m
[ 56%] [34m[1mGenerating C++ code from multimaster_msgs_fkie/LinkState.msg[0m
[ 57%] [34m[1mGenerating Python from MSG multimaster_msgs_fkie/SyncMasterInfo[0m
[ 58%] [34m[1mGenerating EusLisp code from multimaster_msgs_fkie/ROSMaster.msg[0m
[ 60%] [34m[1mGenerating EusLisp code from multimaster_msgs_fkie/MasterState.msg[0m
[ 61%] [34m[1mGenerating Python from MSG multimaster_msgs_fkie/Capability[0m
[ 63%] [34m[1mGenerating C++ code from multimaster_msgs_fkie/SyncMasterInfo.msg[0m
[ 64%] [34m[1mGenerating C++ code from multimaster_msgs_fkie/Capability.msg[0m
[ 65%] [34m[1mGenerating EusLisp code from multimaster_msgs_fkie/SyncServiceInfo.msg[0m
[ 67%] [34m[1mGenerating EusLisp code from multimaster_msgs_fkie/LinkStatesStamped.msg[0m
[ 68%] [34m[1mGenerating Python code from SRV multimaster_msgs_fkie/LoadLaunch[0m
[ 69%] [34m[1mGenerating EusLisp code from multimaster_msgs_fkie/LinkState.msg[0m
[ 71%] [34m[1mGenerating C++ code from multimaster_msgs_fkie/LoadLaunch.srv[0m
[ 72%] [34m[1mGenerating C++ code from multimaster_msgs_fkie/GetSyncInfo.srv[0m
[ 73%] [34m[1mGenerating EusLisp code from multimaster_msgs_fkie/SyncMasterInfo.msg[0m
[ 75%] [34m[1mGenerating Python code from SRV multimaster_msgs_fkie/GetSyncInfo[0m
[ 76%] [34m[1mGenerating EusLisp code from multimaster_msgs_fkie/Capability.msg[0m
[ 78%] [34m[1mGenerating Python code from SRV multimaster_msgs_fkie/ListDescription[0m
[ 79%] [34m[1mGenerating EusLisp code from multimaster_msgs_fkie/LoadLaunch.srv[0m
[ 80%] [34m[1mGenerating EusLisp code from multimaster_msgs_fkie/GetSyncInfo.srv[0m
[ 82%] [34m[1mGenerating Python code from SRV multimaster_msgs_fkie/DiscoverMasters[0m
[ 83%] [34m[1mGenerating EusLisp code from multimaster_msgs_fkie/ListDescription.srv[0m
[ 84%] [34m[1mGenerating C++ code from multimaster_msgs_fkie/ListDescription.srv[0m
[ 86%] [34m[1mGenerating C++ code from multimaster_msgs_fkie/DiscoverMasters.srv[0m
[ 87%] [34m[1mGenerating EusLisp code from multimaster_msgs_fkie/DiscoverMasters.srv[0m
[ 89%] [34m[1mGenerating Python code from SRV multimaster_msgs_fkie/Task[0m
[ 90%] [34m[1mGenerating EusLisp code from multimaster_msgs_fkie/Task.srv[0m
[ 91%] [34m[1mGenerating EusLisp code from multimaster_msgs_fkie/ListNodes.srv[0m
[ 93%] [34m[1mGenerating Python code from SRV multimaster_msgs_fkie/ListNodes[0m
[ 94%] [34m[1mGenerating EusLisp manifest code for multimaster_msgs_fkie[0m
[ 95%] [34m[1mGenerating C++ code from multimaster_msgs_fkie/Task.srv[0m
[ 97%] [34m[1mGenerating Python msg __init__.py for multimaster_msgs_fkie[0m
[ 98%] [34m[1mGenerating C++ code from multimaster_msgs_fkie/ListNodes.srv[0m
[100%] [34m[1mGenerating Python srv __init__.py for multimaster_msgs_fkie[0m
[100%] Built target multimaster_msgs_fkie_generate_messages_py
[100%] Built target multimaster_msgs_fkie_generate_messages_cpp
[100%] Built target multimaster_msgs_fkie_generate_messages_eus
[35m[1mScanning dependencies of target multimaster_msgs_fkie_generate_messages[0m
[100%] Built target multimaster_msgs_fkie_generate_messages
