Linked: (/home/student/smoothiebot_ws/devel/.private/multimaster_msgs_fkie/lib/pkgconfig/multimaster_msgs_fkie.pc, /home/student/smoothiebot_ws/devel/lib/pkgconfig/multimaster_msgs_fkie.pc)
Linked: (/home/student/smoothiebot_ws/devel/.private/multimaster_msgs_fkie/lib/python2.7/dist-packages/multimaster_msgs_fkie/__init__.py, /home/student/smoothiebot_ws/devel/lib/python2.7/dist-packages/multimaster_msgs_fkie/__init__.py)
Linked: (/home/student/smoothiebot_ws/devel/.private/multimaster_msgs_fkie/lib/python2.7/dist-packages/multimaster_msgs_fkie/msg/_MasterState.py, /home/student/smoothiebot_ws/devel/lib/python2.7/dist-packages/multimaster_msgs_fkie/msg/_MasterState.py)
Linked: (/home/student/smoothiebot_ws/devel/.private/multimaster_msgs_fkie/lib/python2.7/dist-packages/multimaster_msgs_fkie/msg/_ROSMaster.py, /home/student/smoothiebot_ws/devel/lib/python2.7/dist-packages/multimaster_msgs_fkie/msg/_ROSMaster.py)
Linked: (/home/student/smoothiebot_ws/devel/.private/multimaster_msgs_fkie/lib/python2.7/dist-packages/multimaster_msgs_fkie/msg/_SyncTopicInfo.py, /home/student/smoothiebot_ws/devel/lib/python2.7/dist-packages/multimaster_msgs_fkie/msg/_SyncTopicInfo.py)
Linked: (/home/student/smoothiebot_ws/devel/.private/multimaster_msgs_fkie/lib/python2.7/dist-packages/multimaster_msgs_fkie/msg/_LinkState.py, /home/student/smoothiebot_ws/devel/lib/python2.7/dist-packages/multimaster_msgs_fkie/msg/_LinkState.py)
Linked: (/home/student/smoothiebot_ws/devel/.private/multimaster_msgs_fkie/lib/python2.7/dist-packages/multimaster_msgs_fkie/msg/__init__.py, /home/student/smoothiebot_ws/devel/lib/python2.7/dist-packages/multimaster_msgs_fkie/msg/__init__.py)
Linked: (/home/student/smoothiebot_ws/devel/.private/multimaster_msgs_fkie/lib/python2.7/dist-packages/multimaster_msgs_fkie/msg/_Capability.py, /home/student/smoothiebot_ws/devel/lib/python2.7/dist-packages/multimaster_msgs_fkie/msg/_Capability.py)
Linked: (/home/student/smoothiebot_ws/devel/.private/multimaster_msgs_fkie/lib/python2.7/dist-packages/multimaster_msgs_fkie/msg/_SyncMasterInfo.py, /home/student/smoothiebot_ws/devel/lib/python2.7/dist-packages/multimaster_msgs_fkie/msg/_SyncMasterInfo.py)
Linked: (/home/student/smoothiebot_ws/devel/.private/multimaster_msgs_fkie/lib/python2.7/dist-packages/multimaster_msgs_fkie/msg/_LinkStatesStamped.py, /home/student/smoothiebot_ws/devel/lib/python2.7/dist-packages/multimaster_msgs_fkie/msg/_LinkStatesStamped.py)
Linked: (/home/student/smoothiebot_ws/devel/.private/multimaster_msgs_fkie/lib/python2.7/dist-packages/multimaster_msgs_fkie/msg/_SyncServiceInfo.py, /home/student/smoothiebot_ws/devel/lib/python2.7/dist-packages/multimaster_msgs_fkie/msg/_SyncServiceInfo.py)
Linked: (/home/student/smoothiebot_ws/devel/.private/multimaster_msgs_fkie/lib/python2.7/dist-packages/multimaster_msgs_fkie/srv/_ListNodes.py, /home/student/smoothiebot_ws/devel/lib/python2.7/dist-packages/multimaster_msgs_fkie/srv/_ListNodes.py)
Linked: (/home/student/smoothiebot_ws/devel/.private/multimaster_msgs_fkie/lib/python2.7/dist-packages/multimaster_msgs_fkie/srv/_LoadLaunch.py, /home/student/smoothiebot_ws/devel/lib/python2.7/dist-packages/multimaster_msgs_fkie/srv/_LoadLaunch.py)
Linked: (/home/student/smoothiebot_ws/devel/.private/multimaster_msgs_fkie/lib/python2.7/dist-packages/multimaster_msgs_fkie/srv/_GetSyncInfo.py, /home/student/smoothiebot_ws/devel/lib/python2.7/dist-packages/multimaster_msgs_fkie/srv/_GetSyncInfo.py)
Linked: (/home/student/smoothiebot_ws/devel/.private/multimaster_msgs_fkie/lib/python2.7/dist-packages/multimaster_msgs_fkie/srv/_ListDescription.py, /home/student/smoothiebot_ws/devel/lib/python2.7/dist-packages/multimaster_msgs_fkie/srv/_ListDescription.py)
Linked: (/home/student/smoothiebot_ws/devel/.private/multimaster_msgs_fkie/lib/python2.7/dist-packages/multimaster_msgs_fkie/srv/__init__.py, /home/student/smoothiebot_ws/devel/lib/python2.7/dist-packages/multimaster_msgs_fkie/srv/__init__.py)
Linked: (/home/student/smoothiebot_ws/devel/.private/multimaster_msgs_fkie/lib/python2.7/dist-packages/multimaster_msgs_fkie/srv/_DiscoverMasters.py, /home/student/smoothiebot_ws/devel/lib/python2.7/dist-packages/multimaster_msgs_fkie/srv/_DiscoverMasters.py)
Linked: (/home/student/smoothiebot_ws/devel/.private/multimaster_msgs_fkie/lib/python2.7/dist-packages/multimaster_msgs_fkie/srv/_Task.py, /home/student/smoothiebot_ws/devel/lib/python2.7/dist-packages/multimaster_msgs_fkie/srv/_Task.py)
Linked: (/home/student/smoothiebot_ws/devel/.private/multimaster_msgs_fkie/include/multimaster_msgs_fkie/TaskResponse.h, /home/student/smoothiebot_ws/devel/include/multimaster_msgs_fkie/TaskResponse.h)
Linked: (/home/student/smoothiebot_ws/devel/.private/multimaster_msgs_fkie/include/multimaster_msgs_fkie/GetSyncInfoRequest.h, /home/student/smoothiebot_ws/devel/include/multimaster_msgs_fkie/GetSyncInfoRequest.h)
Linked: (/home/student/smoothiebot_ws/devel/.private/multimaster_msgs_fkie/include/multimaster_msgs_fkie/LinkStatesStamped.h, /home/student/smoothiebot_ws/devel/include/multimaster_msgs_fkie/LinkStatesStamped.h)
Linked: (/home/student/smoothiebot_ws/devel/.private/multimaster_msgs_fkie/include/multimaster_msgs_fkie/ListDescriptionResponse.h, /home/student/smoothiebot_ws/devel/include/multimaster_msgs_fkie/ListDescriptionResponse.h)
Linked: (/home/student/smoothiebot_ws/devel/.private/multimaster_msgs_fkie/include/multimaster_msgs_fkie/ListNodesResponse.h, /home/student/smoothiebot_ws/devel/include/multimaster_msgs_fkie/ListNodesResponse.h)
Linked: (/home/student/smoothiebot_ws/devel/.private/multimaster_msgs_fkie/include/multimaster_msgs_fkie/Capability.h, /home/student/smoothiebot_ws/devel/include/multimaster_msgs_fkie/Capability.h)
Linked: (/home/student/smoothiebot_ws/devel/.private/multimaster_msgs_fkie/include/multimaster_msgs_fkie/LoadLaunch.h, /home/student/smoothiebot_ws/devel/include/multimaster_msgs_fkie/LoadLaunch.h)
Linked: (/home/student/smoothiebot_ws/devel/.private/multimaster_msgs_fkie/include/multimaster_msgs_fkie/DiscoverMasters.h, /home/student/smoothiebot_ws/devel/include/multimaster_msgs_fkie/DiscoverMasters.h)
Linked: (/home/student/smoothiebot_ws/devel/.private/multimaster_msgs_fkie/include/multimaster_msgs_fkie/ListDescriptionRequest.h, /home/student/smoothiebot_ws/devel/include/multimaster_msgs_fkie/ListDescriptionRequest.h)
Linked: (/home/student/smoothiebot_ws/devel/.private/multimaster_msgs_fkie/include/multimaster_msgs_fkie/Task.h, /home/student/smoothiebot_ws/devel/include/multimaster_msgs_fkie/Task.h)
Linked: (/home/student/smoothiebot_ws/devel/.private/multimaster_msgs_fkie/include/multimaster_msgs_fkie/GetSyncInfoResponse.h, /home/student/smoothiebot_ws/devel/include/multimaster_msgs_fkie/GetSyncInfoResponse.h)
Linked: (/home/student/smoothiebot_ws/devel/.private/multimaster_msgs_fkie/include/multimaster_msgs_fkie/LoadLaunchRequest.h, /home/student/smoothiebot_ws/devel/include/multimaster_msgs_fkie/LoadLaunchRequest.h)
Linked: (/home/student/smoothiebot_ws/devel/.private/multimaster_msgs_fkie/include/multimaster_msgs_fkie/GetSyncInfo.h, /home/student/smoothiebot_ws/devel/include/multimaster_msgs_fkie/GetSyncInfo.h)
Linked: (/home/student/smoothiebot_ws/devel/.private/multimaster_msgs_fkie/include/multimaster_msgs_fkie/MasterState.h, /home/student/smoothiebot_ws/devel/include/multimaster_msgs_fkie/MasterState.h)
Linked: (/home/student/smoothiebot_ws/devel/.private/multimaster_msgs_fkie/include/multimaster_msgs_fkie/DiscoverMastersResponse.h, /home/student/smoothiebot_ws/devel/include/multimaster_msgs_fkie/DiscoverMastersResponse.h)
Linked: (/home/student/smoothiebot_ws/devel/.private/multimaster_msgs_fkie/include/multimaster_msgs_fkie/SyncTopicInfo.h, /home/student/smoothiebot_ws/devel/include/multimaster_msgs_fkie/SyncTopicInfo.h)
Linked: (/home/student/smoothiebot_ws/devel/.private/multimaster_msgs_fkie/include/multimaster_msgs_fkie/DiscoverMastersRequest.h, /home/student/smoothiebot_ws/devel/include/multimaster_msgs_fkie/DiscoverMastersRequest.h)
Linked: (/home/student/smoothiebot_ws/devel/.private/multimaster_msgs_fkie/include/multimaster_msgs_fkie/ListDescription.h, /home/student/smoothiebot_ws/devel/include/multimaster_msgs_fkie/ListDescription.h)
Linked: (/home/student/smoothiebot_ws/devel/.private/multimaster_msgs_fkie/include/multimaster_msgs_fkie/ROSMaster.h, /home/student/smoothiebot_ws/devel/include/multimaster_msgs_fkie/ROSMaster.h)
Linked: (/home/student/smoothiebot_ws/devel/.private/multimaster_msgs_fkie/include/multimaster_msgs_fkie/ListNodes.h, /home/student/smoothiebot_ws/devel/include/multimaster_msgs_fkie/ListNodes.h)
Linked: (/home/student/smoothiebot_ws/devel/.private/multimaster_msgs_fkie/include/multimaster_msgs_fkie/LinkState.h, /home/student/smoothiebot_ws/devel/include/multimaster_msgs_fkie/LinkState.h)
Linked: (/home/student/smoothiebot_ws/devel/.private/multimaster_msgs_fkie/include/multimaster_msgs_fkie/ListNodesRequest.h, /home/student/smoothiebot_ws/devel/include/multimaster_msgs_fkie/ListNodesRequest.h)
Linked: (/home/student/smoothiebot_ws/devel/.private/multimaster_msgs_fkie/include/multimaster_msgs_fkie/TaskRequest.h, /home/student/smoothiebot_ws/devel/include/multimaster_msgs_fkie/TaskRequest.h)
Linked: (/home/student/smoothiebot_ws/devel/.private/multimaster_msgs_fkie/include/multimaster_msgs_fkie/SyncMasterInfo.h, /home/student/smoothiebot_ws/devel/include/multimaster_msgs_fkie/SyncMasterInfo.h)
Linked: (/home/student/smoothiebot_ws/devel/.private/multimaster_msgs_fkie/include/multimaster_msgs_fkie/LoadLaunchResponse.h, /home/student/smoothiebot_ws/devel/include/multimaster_msgs_fkie/LoadLaunchResponse.h)
Linked: (/home/student/smoothiebot_ws/devel/.private/multimaster_msgs_fkie/include/multimaster_msgs_fkie/SyncServiceInfo.h, /home/student/smoothiebot_ws/devel/include/multimaster_msgs_fkie/SyncServiceInfo.h)
Linked: (/home/student/smoothiebot_ws/devel/.private/multimaster_msgs_fkie/share/gennodejs/ros/multimaster_msgs_fkie/_index.js, /home/student/smoothiebot_ws/devel/share/gennodejs/ros/multimaster_msgs_fkie/_index.js)
Linked: (/home/student/smoothiebot_ws/devel/.private/multimaster_msgs_fkie/share/gennodejs/ros/multimaster_msgs_fkie/msg/ROSMaster.js, /home/student/smoothiebot_ws/devel/share/gennodejs/ros/multimaster_msgs_fkie/msg/ROSMaster.js)
Linked: (/home/student/smoothiebot_ws/devel/.private/multimaster_msgs_fkie/share/gennodejs/ros/multimaster_msgs_fkie/msg/_index.js, /home/student/smoothiebot_ws/devel/share/gennodejs/ros/multimaster_msgs_fkie/msg/_index.js)
Linked: (/home/student/smoothiebot_ws/devel/.private/multimaster_msgs_fkie/share/gennodejs/ros/multimaster_msgs_fkie/msg/LinkState.js, /home/student/smoothiebot_ws/devel/share/gennodejs/ros/multimaster_msgs_fkie/msg/LinkState.js)
Linked: (/home/student/smoothiebot_ws/devel/.private/multimaster_msgs_fkie/share/gennodejs/ros/multimaster_msgs_fkie/msg/SyncServiceInfo.js, /home/student/smoothiebot_ws/devel/share/gennodejs/ros/multimaster_msgs_fkie/msg/SyncServiceInfo.js)
Linked: (/home/student/smoothiebot_ws/devel/.private/multimaster_msgs_fkie/share/gennodejs/ros/multimaster_msgs_fkie/msg/LinkStatesStamped.js, /home/student/smoothiebot_ws/devel/share/gennodejs/ros/multimaster_msgs_fkie/msg/LinkStatesStamped.js)
Linked: (/home/student/smoothiebot_ws/devel/.private/multimaster_msgs_fkie/share/gennodejs/ros/multimaster_msgs_fkie/msg/Capability.js, /home/student/smoothiebot_ws/devel/share/gennodejs/ros/multimaster_msgs_fkie/msg/Capability.js)
Linked: (/home/student/smoothiebot_ws/devel/.private/multimaster_msgs_fkie/share/gennodejs/ros/multimaster_msgs_fkie/msg/SyncMasterInfo.js, /home/student/smoothiebot_ws/devel/share/gennodejs/ros/multimaster_msgs_fkie/msg/SyncMasterInfo.js)
Linked: (/home/student/smoothiebot_ws/devel/.private/multimaster_msgs_fkie/share/gennodejs/ros/multimaster_msgs_fkie/msg/MasterState.js, /home/student/smoothiebot_ws/devel/share/gennodejs/ros/multimaster_msgs_fkie/msg/MasterState.js)
Linked: (/home/student/smoothiebot_ws/devel/.private/multimaster_msgs_fkie/share/gennodejs/ros/multimaster_msgs_fkie/msg/SyncTopicInfo.js, /home/student/smoothiebot_ws/devel/share/gennodejs/ros/multimaster_msgs_fkie/msg/SyncTopicInfo.js)
Linked: (/home/student/smoothiebot_ws/devel/.private/multimaster_msgs_fkie/share/gennodejs/ros/multimaster_msgs_fkie/srv/DiscoverMasters.js, /home/student/smoothiebot_ws/devel/share/gennodejs/ros/multimaster_msgs_fkie/srv/DiscoverMasters.js)
Linked: (/home/student/smoothiebot_ws/devel/.private/multimaster_msgs_fkie/share/gennodejs/ros/multimaster_msgs_fkie/srv/LoadLaunch.js, /home/student/smoothiebot_ws/devel/share/gennodejs/ros/multimaster_msgs_fkie/srv/LoadLaunch.js)
Linked: (/home/student/smoothiebot_ws/devel/.private/multimaster_msgs_fkie/share/gennodejs/ros/multimaster_msgs_fkie/srv/_index.js, /home/student/smoothiebot_ws/devel/share/gennodejs/ros/multimaster_msgs_fkie/srv/_index.js)
Linked: (/home/student/smoothiebot_ws/devel/.private/multimaster_msgs_fkie/share/gennodejs/ros/multimaster_msgs_fkie/srv/ListNodes.js, /home/student/smoothiebot_ws/devel/share/gennodejs/ros/multimaster_msgs_fkie/srv/ListNodes.js)
Linked: (/home/student/smoothiebot_ws/devel/.private/multimaster_msgs_fkie/share/gennodejs/ros/multimaster_msgs_fkie/srv/GetSyncInfo.js, /home/student/smoothiebot_ws/devel/share/gennodejs/ros/multimaster_msgs_fkie/srv/GetSyncInfo.js)
Linked: (/home/student/smoothiebot_ws/devel/.private/multimaster_msgs_fkie/share/gennodejs/ros/multimaster_msgs_fkie/srv/Task.js, /home/student/smoothiebot_ws/devel/share/gennodejs/ros/multimaster_msgs_fkie/srv/Task.js)
Linked: (/home/student/smoothiebot_ws/devel/.private/multimaster_msgs_fkie/share/gennodejs/ros/multimaster_msgs_fkie/srv/ListDescription.js, /home/student/smoothiebot_ws/devel/share/gennodejs/ros/multimaster_msgs_fkie/srv/ListDescription.js)
Linked: (/home/student/smoothiebot_ws/devel/.private/multimaster_msgs_fkie/share/roseus/ros/multimaster_msgs_fkie/manifest.l, /home/student/smoothiebot_ws/devel/share/roseus/ros/multimaster_msgs_fkie/manifest.l)
Linked: (/home/student/smoothiebot_ws/devel/.private/multimaster_msgs_fkie/share/roseus/ros/multimaster_msgs_fkie/msg/SyncTopicInfo.l, /home/student/smoothiebot_ws/devel/share/roseus/ros/multimaster_msgs_fkie/msg/SyncTopicInfo.l)
Linked: (/home/student/smoothiebot_ws/devel/.private/multimaster_msgs_fkie/share/roseus/ros/multimaster_msgs_fkie/msg/MasterState.l, /home/student/smoothiebot_ws/devel/share/roseus/ros/multimaster_msgs_fkie/msg/MasterState.l)
Linked: (/home/student/smoothiebot_ws/devel/.private/multimaster_msgs_fkie/share/roseus/ros/multimaster_msgs_fkie/msg/LinkStatesStamped.l, /home/student/smoothiebot_ws/devel/share/roseus/ros/multimaster_msgs_fkie/msg/LinkStatesStamped.l)
Linked: (/home/student/smoothiebot_ws/devel/.private/multimaster_msgs_fkie/share/roseus/ros/multimaster_msgs_fkie/msg/Capability.l, /home/student/smoothiebot_ws/devel/share/roseus/ros/multimaster_msgs_fkie/msg/Capability.l)
Linked: (/home/student/smoothiebot_ws/devel/.private/multimaster_msgs_fkie/share/roseus/ros/multimaster_msgs_fkie/msg/SyncMasterInfo.l, /home/student/smoothiebot_ws/devel/share/roseus/ros/multimaster_msgs_fkie/msg/SyncMasterInfo.l)
Linked: (/home/student/smoothiebot_ws/devel/.private/multimaster_msgs_fkie/share/roseus/ros/multimaster_msgs_fkie/msg/ROSMaster.l, /home/student/smoothiebot_ws/devel/share/roseus/ros/multimaster_msgs_fkie/msg/ROSMaster.l)
Linked: (/home/student/smoothiebot_ws/devel/.private/multimaster_msgs_fkie/share/roseus/ros/multimaster_msgs_fkie/msg/SyncServiceInfo.l, /home/student/smoothiebot_ws/devel/share/roseus/ros/multimaster_msgs_fkie/msg/SyncServiceInfo.l)
Linked: (/home/student/smoothiebot_ws/devel/.private/multimaster_msgs_fkie/share/roseus/ros/multimaster_msgs_fkie/msg/LinkState.l, /home/student/smoothiebot_ws/devel/share/roseus/ros/multimaster_msgs_fkie/msg/LinkState.l)
Linked: (/home/student/smoothiebot_ws/devel/.private/multimaster_msgs_fkie/share/roseus/ros/multimaster_msgs_fkie/srv/DiscoverMasters.l, /home/student/smoothiebot_ws/devel/share/roseus/ros/multimaster_msgs_fkie/srv/DiscoverMasters.l)
Linked: (/home/student/smoothiebot_ws/devel/.private/multimaster_msgs_fkie/share/roseus/ros/multimaster_msgs_fkie/srv/ListDescription.l, /home/student/smoothiebot_ws/devel/share/roseus/ros/multimaster_msgs_fkie/srv/ListDescription.l)
Linked: (/home/student/smoothiebot_ws/devel/.private/multimaster_msgs_fkie/share/roseus/ros/multimaster_msgs_fkie/srv/Task.l, /home/student/smoothiebot_ws/devel/share/roseus/ros/multimaster_msgs_fkie/srv/Task.l)
Linked: (/home/student/smoothiebot_ws/devel/.private/multimaster_msgs_fkie/share/roseus/ros/multimaster_msgs_fkie/srv/ListNodes.l, /home/student/smoothiebot_ws/devel/share/roseus/ros/multimaster_msgs_fkie/srv/ListNodes.l)
Linked: (/home/student/smoothiebot_ws/devel/.private/multimaster_msgs_fkie/share/roseus/ros/multimaster_msgs_fkie/srv/GetSyncInfo.l, /home/student/smoothiebot_ws/devel/share/roseus/ros/multimaster_msgs_fkie/srv/GetSyncInfo.l)
Linked: (/home/student/smoothiebot_ws/devel/.private/multimaster_msgs_fkie/share/roseus/ros/multimaster_msgs_fkie/srv/LoadLaunch.l, /home/student/smoothiebot_ws/devel/share/roseus/ros/multimaster_msgs_fkie/srv/LoadLaunch.l)
Linked: (/home/student/smoothiebot_ws/devel/.private/multimaster_msgs_fkie/share/multimaster_msgs_fkie/cmake/multimaster_msgs_fkie-msg-paths.cmake, /home/student/smoothiebot_ws/devel/share/multimaster_msgs_fkie/cmake/multimaster_msgs_fkie-msg-paths.cmake)
Linked: (/home/student/smoothiebot_ws/devel/.private/multimaster_msgs_fkie/share/multimaster_msgs_fkie/cmake/multimaster_msgs_fkieConfig-version.cmake, /home/student/smoothiebot_ws/devel/share/multimaster_msgs_fkie/cmake/multimaster_msgs_fkieConfig-version.cmake)
Linked: (/home/student/smoothiebot_ws/devel/.private/multimaster_msgs_fkie/share/multimaster_msgs_fkie/cmake/multimaster_msgs_fkie-msg-extras.cmake, /home/student/smoothiebot_ws/devel/share/multimaster_msgs_fkie/cmake/multimaster_msgs_fkie-msg-extras.cmake)
Linked: (/home/student/smoothiebot_ws/devel/.private/multimaster_msgs_fkie/share/multimaster_msgs_fkie/cmake/multimaster_msgs_fkieConfig.cmake, /home/student/smoothiebot_ws/devel/share/multimaster_msgs_fkie/cmake/multimaster_msgs_fkieConfig.cmake)
Linked: (/home/student/smoothiebot_ws/devel/.private/multimaster_msgs_fkie/share/common-lisp/ros/multimaster_msgs_fkie/msg/_package_SyncServiceInfo.lisp, /home/student/smoothiebot_ws/devel/share/common-lisp/ros/multimaster_msgs_fkie/msg/_package_SyncServiceInfo.lisp)
Linked: (/home/student/smoothiebot_ws/devel/.private/multimaster_msgs_fkie/share/common-lisp/ros/multimaster_msgs_fkie/msg/LinkStatesStamped.lisp, /home/student/smoothiebot_ws/devel/share/common-lisp/ros/multimaster_msgs_fkie/msg/LinkStatesStamped.lisp)
Linked: (/home/student/smoothiebot_ws/devel/.private/multimaster_msgs_fkie/share/common-lisp/ros/multimaster_msgs_fkie/msg/SyncServiceInfo.lisp, /home/student/smoothiebot_ws/devel/share/common-lisp/ros/multimaster_msgs_fkie/msg/SyncServiceInfo.lisp)
Linked: (/home/student/smoothiebot_ws/devel/.private/multimaster_msgs_fkie/share/common-lisp/ros/multimaster_msgs_fkie/msg/SyncTopicInfo.lisp, /home/student/smoothiebot_ws/devel/share/common-lisp/ros/multimaster_msgs_fkie/msg/SyncTopicInfo.lisp)
Linked: (/home/student/smoothiebot_ws/devel/.private/multimaster_msgs_fkie/share/common-lisp/ros/multimaster_msgs_fkie/msg/_package_SyncTopicInfo.lisp, /home/student/smoothiebot_ws/devel/share/common-lisp/ros/multimaster_msgs_fkie/msg/_package_SyncTopicInfo.lisp)
Linked: (/home/student/smoothiebot_ws/devel/.private/multimaster_msgs_fkie/share/common-lisp/ros/multimaster_msgs_fkie/msg/multimaster_msgs_fkie-msg.asd, /home/student/smoothiebot_ws/devel/share/common-lisp/ros/multimaster_msgs_fkie/msg/multimaster_msgs_fkie-msg.asd)
Linked: (/home/student/smoothiebot_ws/devel/.private/multimaster_msgs_fkie/share/common-lisp/ros/multimaster_msgs_fkie/msg/_package_Capability.lisp, /home/student/smoothiebot_ws/devel/share/common-lisp/ros/multimaster_msgs_fkie/msg/_package_Capability.lisp)
Linked: (/home/student/smoothiebot_ws/devel/.private/multimaster_msgs_fkie/share/common-lisp/ros/multimaster_msgs_fkie/msg/_package_ROSMaster.lisp, /home/student/smoothiebot_ws/devel/share/common-lisp/ros/multimaster_msgs_fkie/msg/_package_ROSMaster.lisp)
Linked: (/home/student/smoothiebot_ws/devel/.private/multimaster_msgs_fkie/share/common-lisp/ros/multimaster_msgs_fkie/msg/_package.lisp, /home/student/smoothiebot_ws/devel/share/common-lisp/ros/multimaster_msgs_fkie/msg/_package.lisp)
Linked: (/home/student/smoothiebot_ws/devel/.private/multimaster_msgs_fkie/share/common-lisp/ros/multimaster_msgs_fkie/msg/_package_SyncMasterInfo.lisp, /home/student/smoothiebot_ws/devel/share/common-lisp/ros/multimaster_msgs_fkie/msg/_package_SyncMasterInfo.lisp)
Linked: (/home/student/smoothiebot_ws/devel/.private/multimaster_msgs_fkie/share/common-lisp/ros/multimaster_msgs_fkie/msg/SyncMasterInfo.lisp, /home/student/smoothiebot_ws/devel/share/common-lisp/ros/multimaster_msgs_fkie/msg/SyncMasterInfo.lisp)
Linked: (/home/student/smoothiebot_ws/devel/.private/multimaster_msgs_fkie/share/common-lisp/ros/multimaster_msgs_fkie/msg/_package_MasterState.lisp, /home/student/smoothiebot_ws/devel/share/common-lisp/ros/multimaster_msgs_fkie/msg/_package_MasterState.lisp)
Linked: (/home/student/smoothiebot_ws/devel/.private/multimaster_msgs_fkie/share/common-lisp/ros/multimaster_msgs_fkie/msg/_package_LinkState.lisp, /home/student/smoothiebot_ws/devel/share/common-lisp/ros/multimaster_msgs_fkie/msg/_package_LinkState.lisp)
Linked: (/home/student/smoothiebot_ws/devel/.private/multimaster_msgs_fkie/share/common-lisp/ros/multimaster_msgs_fkie/msg/MasterState.lisp, /home/student/smoothiebot_ws/devel/share/common-lisp/ros/multimaster_msgs_fkie/msg/MasterState.lisp)
Linked: (/home/student/smoothiebot_ws/devel/.private/multimaster_msgs_fkie/share/common-lisp/ros/multimaster_msgs_fkie/msg/Capability.lisp, /home/student/smoothiebot_ws/devel/share/common-lisp/ros/multimaster_msgs_fkie/msg/Capability.lisp)
Linked: (/home/student/smoothiebot_ws/devel/.private/multimaster_msgs_fkie/share/common-lisp/ros/multimaster_msgs_fkie/msg/_package_LinkStatesStamped.lisp, /home/student/smoothiebot_ws/devel/share/common-lisp/ros/multimaster_msgs_fkie/msg/_package_LinkStatesStamped.lisp)
Linked: (/home/student/smoothiebot_ws/devel/.private/multimaster_msgs_fkie/share/common-lisp/ros/multimaster_msgs_fkie/msg/ROSMaster.lisp, /home/student/smoothiebot_ws/devel/share/common-lisp/ros/multimaster_msgs_fkie/msg/ROSMaster.lisp)
Linked: (/home/student/smoothiebot_ws/devel/.private/multimaster_msgs_fkie/share/common-lisp/ros/multimaster_msgs_fkie/msg/LinkState.lisp, /home/student/smoothiebot_ws/devel/share/common-lisp/ros/multimaster_msgs_fkie/msg/LinkState.lisp)
Linked: (/home/student/smoothiebot_ws/devel/.private/multimaster_msgs_fkie/share/common-lisp/ros/multimaster_msgs_fkie/srv/_package_ListNodes.lisp, /home/student/smoothiebot_ws/devel/share/common-lisp/ros/multimaster_msgs_fkie/srv/_package_ListNodes.lisp)
Linked: (/home/student/smoothiebot_ws/devel/.private/multimaster_msgs_fkie/share/common-lisp/ros/multimaster_msgs_fkie/srv/_package_DiscoverMasters.lisp, /home/student/smoothiebot_ws/devel/share/common-lisp/ros/multimaster_msgs_fkie/srv/_package_DiscoverMasters.lisp)
Linked: (/home/student/smoothiebot_ws/devel/.private/multimaster_msgs_fkie/share/common-lisp/ros/multimaster_msgs_fkie/srv/GetSyncInfo.lisp, /home/student/smoothiebot_ws/devel/share/common-lisp/ros/multimaster_msgs_fkie/srv/GetSyncInfo.lisp)
Linked: (/home/student/smoothiebot_ws/devel/.private/multimaster_msgs_fkie/share/common-lisp/ros/multimaster_msgs_fkie/srv/Task.lisp, /home/student/smoothiebot_ws/devel/share/common-lisp/ros/multimaster_msgs_fkie/srv/Task.lisp)
Linked: (/home/student/smoothiebot_ws/devel/.private/multimaster_msgs_fkie/share/common-lisp/ros/multimaster_msgs_fkie/srv/_package_ListDescription.lisp, /home/student/smoothiebot_ws/devel/share/common-lisp/ros/multimaster_msgs_fkie/srv/_package_ListDescription.lisp)
Linked: (/home/student/smoothiebot_ws/devel/.private/multimaster_msgs_fkie/share/common-lisp/ros/multimaster_msgs_fkie/srv/_package_LoadLaunch.lisp, /home/student/smoothiebot_ws/devel/share/common-lisp/ros/multimaster_msgs_fkie/srv/_package_LoadLaunch.lisp)
Linked: (/home/student/smoothiebot_ws/devel/.private/multimaster_msgs_fkie/share/common-lisp/ros/multimaster_msgs_fkie/srv/DiscoverMasters.lisp, /home/student/smoothiebot_ws/devel/share/common-lisp/ros/multimaster_msgs_fkie/srv/DiscoverMasters.lisp)
Linked: (/home/student/smoothiebot_ws/devel/.private/multimaster_msgs_fkie/share/common-lisp/ros/multimaster_msgs_fkie/srv/_package_GetSyncInfo.lisp, /home/student/smoothiebot_ws/devel/share/common-lisp/ros/multimaster_msgs_fkie/srv/_package_GetSyncInfo.lisp)
Linked: (/home/student/smoothiebot_ws/devel/.private/multimaster_msgs_fkie/share/common-lisp/ros/multimaster_msgs_fkie/srv/ListDescription.lisp, /home/student/smoothiebot_ws/devel/share/common-lisp/ros/multimaster_msgs_fkie/srv/ListDescription.lisp)
Linked: (/home/student/smoothiebot_ws/devel/.private/multimaster_msgs_fkie/share/common-lisp/ros/multimaster_msgs_fkie/srv/_package.lisp, /home/student/smoothiebot_ws/devel/share/common-lisp/ros/multimaster_msgs_fkie/srv/_package.lisp)
Linked: (/home/student/smoothiebot_ws/devel/.private/multimaster_msgs_fkie/share/common-lisp/ros/multimaster_msgs_fkie/srv/multimaster_msgs_fkie-srv.asd, /home/student/smoothiebot_ws/devel/share/common-lisp/ros/multimaster_msgs_fkie/srv/multimaster_msgs_fkie-srv.asd)
Linked: (/home/student/smoothiebot_ws/devel/.private/multimaster_msgs_fkie/share/common-lisp/ros/multimaster_msgs_fkie/srv/LoadLaunch.lisp, /home/student/smoothiebot_ws/devel/share/common-lisp/ros/multimaster_msgs_fkie/srv/LoadLaunch.lisp)
Linked: (/home/student/smoothiebot_ws/devel/.private/multimaster_msgs_fkie/share/common-lisp/ros/multimaster_msgs_fkie/srv/ListNodes.lisp, /home/student/smoothiebot_ws/devel/share/common-lisp/ros/multimaster_msgs_fkie/srv/ListNodes.lisp)
Linked: (/home/student/smoothiebot_ws/devel/.private/multimaster_msgs_fkie/share/common-lisp/ros/multimaster_msgs_fkie/srv/_package_Task.lisp, /home/student/smoothiebot_ws/devel/share/common-lisp/ros/multimaster_msgs_fkie/srv/_package_Task.lisp)
