Determining if the pthread_create exist failed with the following output:
Change Dir: /home/student/smoothiebot_ws/build/pr2_machine/CMakeFiles/CMakeTmp

Run Build Command:"/usr/bin/make" "cmTC_448cc/fast"
/usr/bin/make -f CMakeFiles/cmTC_448cc.dir/build.make CMakeFiles/cmTC_448cc.dir/build
make[1]: Entering directory '/home/student/smoothiebot_ws/build/pr2_machine/CMakeFiles/CMakeTmp'
Building C object CMakeFiles/cmTC_448cc.dir/CheckSymbolExists.c.o
/usr/bin/cc     -o CMakeFiles/cmTC_448cc.dir/CheckSymbolExists.c.o   -c /home/student/smoothiebot_ws/build/pr2_machine/CMakeFiles/CMakeTmp/CheckSymbolExists.c
Linking C executable cmTC_448cc
/usr/bin/cmake -E cmake_link_script CMakeFiles/cmTC_448cc.dir/link.txt --verbose=1
/usr/bin/cc       CMakeFiles/cmTC_448cc.dir/CheckSymbolExists.c.o  -o cmTC_448cc -rdynamic 
CMakeFiles/cmTC_448cc.dir/CheckSymbolExists.c.o: In function `main':
CheckSymbolExists.c:(.text+0x16): undefined reference to `pthread_create'
collect2: error: ld returned 1 exit status
CMakeFiles/cmTC_448cc.dir/build.make:97: recipe for target 'cmTC_448cc' failed
make[1]: *** [cmTC_448cc] Error 1
make[1]: Leaving directory '/home/student/smoothiebot_ws/build/pr2_machine/CMakeFiles/CMakeTmp'
Makefile:126: recipe for target 'cmTC_448cc/fast' failed
make: *** [cmTC_448cc/fast] Error 2

File /home/student/smoothiebot_ws/build/pr2_machine/CMakeFiles/CMakeTmp/CheckSymbolExists.c:
/* */
#include <pthread.h>

int main(int argc, char** argv)
{
  (void)argv;
#ifndef pthread_create
  return ((int*)(&pthread_create))[argc];
#else
  (void)argc;
  return 0;
#endif
}

Determining if the function pthread_create exists in the pthreads failed with the following output:
Change Dir: /home/student/smoothiebot_ws/build/pr2_machine/CMakeFiles/CMakeTmp

Run Build Command:"/usr/bin/make" "cmTC_56f3c/fast"
/usr/bin/make -f CMakeFiles/cmTC_56f3c.dir/build.make CMakeFiles/cmTC_56f3c.dir/build
make[1]: Entering directory '/home/student/smoothiebot_ws/build/pr2_machine/CMakeFiles/CMakeTmp'
Building C object CMakeFiles/cmTC_56f3c.dir/CheckFunctionExists.c.o
/usr/bin/cc    -DCHECK_FUNCTION_EXISTS=pthread_create   -o CMakeFiles/cmTC_56f3c.dir/CheckFunctionExists.c.o   -c /usr/share/cmake-3.5/Modules/CheckFunctionExists.c
Linking C executable cmTC_56f3c
/usr/bin/cmake -E cmake_link_script CMakeFiles/cmTC_56f3c.dir/link.txt --verbose=1
/usr/bin/cc   -DCHECK_FUNCTION_EXISTS=pthread_create    CMakeFiles/cmTC_56f3c.dir/CheckFunctionExists.c.o  -o cmTC_56f3c -rdynamic -lpthreads 
/usr/bin/ld: cannot find -lpthreads
collect2: error: ld returned 1 exit status
CMakeFiles/cmTC_56f3c.dir/build.make:97: recipe for target 'cmTC_56f3c' failed
make[1]: *** [cmTC_56f3c] Error 1
make[1]: Leaving directory '/home/student/smoothiebot_ws/build/pr2_machine/CMakeFiles/CMakeTmp'
Makefile:126: recipe for target 'cmTC_56f3c/fast' failed
make: *** [cmTC_56f3c/fast] Error 2


