Determining if the pthread_create exist failed with the following output:
Change Dir: /home/student/smoothiebot_ws/build/fetch_maps/CMakeFiles/CMakeTmp

Run Build Command:"/usr/bin/make" "cmTC_9162e/fast"
/usr/bin/make -f CMakeFiles/cmTC_9162e.dir/build.make CMakeFiles/cmTC_9162e.dir/build
make[1]: Entering directory '/home/student/smoothiebot_ws/build/fetch_maps/CMakeFiles/CMakeTmp'
Building C object CMakeFiles/cmTC_9162e.dir/CheckSymbolExists.c.o
/usr/bin/cc     -o CMakeFiles/cmTC_9162e.dir/CheckSymbolExists.c.o   -c /home/student/smoothiebot_ws/build/fetch_maps/CMakeFiles/CMakeTmp/CheckSymbolExists.c
Linking C executable cmTC_9162e
/usr/bin/cmake -E cmake_link_script CMakeFiles/cmTC_9162e.dir/link.txt --verbose=1
/usr/bin/cc       CMakeFiles/cmTC_9162e.dir/CheckSymbolExists.c.o  -o cmTC_9162e -rdynamic 
CMakeFiles/cmTC_9162e.dir/CheckSymbolExists.c.o: In function `main':
CheckSymbolExists.c:(.text+0x16): undefined reference to `pthread_create'
collect2: error: ld returned 1 exit status
CMakeFiles/cmTC_9162e.dir/build.make:97: recipe for target 'cmTC_9162e' failed
make[1]: *** [cmTC_9162e] Error 1
make[1]: Leaving directory '/home/student/smoothiebot_ws/build/fetch_maps/CMakeFiles/CMakeTmp'
Makefile:126: recipe for target 'cmTC_9162e/fast' failed
make: *** [cmTC_9162e/fast] Error 2

File /home/student/smoothiebot_ws/build/fetch_maps/CMakeFiles/CMakeTmp/CheckSymbolExists.c:
/* */
#include <pthread.h>

int main(int argc, char** argv)
{
  (void)argv;
#ifndef pthread_create
  return ((int*)(&pthread_create))[argc];
#else
  (void)argc;
  return 0;
#endif
}

Determining if the function pthread_create exists in the pthreads failed with the following output:
Change Dir: /home/student/smoothiebot_ws/build/fetch_maps/CMakeFiles/CMakeTmp

Run Build Command:"/usr/bin/make" "cmTC_ec257/fast"
/usr/bin/make -f CMakeFiles/cmTC_ec257.dir/build.make CMakeFiles/cmTC_ec257.dir/build
make[1]: Entering directory '/home/student/smoothiebot_ws/build/fetch_maps/CMakeFiles/CMakeTmp'
Building C object CMakeFiles/cmTC_ec257.dir/CheckFunctionExists.c.o
/usr/bin/cc    -DCHECK_FUNCTION_EXISTS=pthread_create   -o CMakeFiles/cmTC_ec257.dir/CheckFunctionExists.c.o   -c /usr/share/cmake-3.5/Modules/CheckFunctionExists.c
Linking C executable cmTC_ec257
/usr/bin/cmake -E cmake_link_script CMakeFiles/cmTC_ec257.dir/link.txt --verbose=1
/usr/bin/cc   -DCHECK_FUNCTION_EXISTS=pthread_create    CMakeFiles/cmTC_ec257.dir/CheckFunctionExists.c.o  -o cmTC_ec257 -rdynamic -lpthreads 
/usr/bin/ld: cannot find -lpthreads
collect2: error: ld returned 1 exit status
CMakeFiles/cmTC_ec257.dir/build.make:97: recipe for target 'cmTC_ec257' failed
make[1]: *** [cmTC_ec257] Error 1
make[1]: Leaving directory '/home/student/smoothiebot_ws/build/fetch_maps/CMakeFiles/CMakeTmp'
Makefile:126: recipe for target 'cmTC_ec257/fast' failed
make: *** [cmTC_ec257/fast] Error 2


