Determining if the pthread_create exist failed with the following output:
Change Dir: /home/student/smoothiebot_ws/build/fetch_description/CMakeFiles/CMakeTmp

Run Build Command:"/usr/bin/make" "cmTC_bf17e/fast"
/usr/bin/make -f CMakeFiles/cmTC_bf17e.dir/build.make CMakeFiles/cmTC_bf17e.dir/build
make[1]: Entering directory '/home/student/smoothiebot_ws/build/fetch_description/CMakeFiles/CMakeTmp'
Building C object CMakeFiles/cmTC_bf17e.dir/CheckSymbolExists.c.o
/usr/bin/cc     -o CMakeFiles/cmTC_bf17e.dir/CheckSymbolExists.c.o   -c /home/student/smoothiebot_ws/build/fetch_description/CMakeFiles/CMakeTmp/CheckSymbolExists.c
Linking C executable cmTC_bf17e
/usr/bin/cmake -E cmake_link_script CMakeFiles/cmTC_bf17e.dir/link.txt --verbose=1
/usr/bin/cc       CMakeFiles/cmTC_bf17e.dir/CheckSymbolExists.c.o  -o cmTC_bf17e -rdynamic 
CMakeFiles/cmTC_bf17e.dir/CheckSymbolExists.c.o: In function `main':
CheckSymbolExists.c:(.text+0x16): undefined reference to `pthread_create'
collect2: error: ld returned 1 exit status
CMakeFiles/cmTC_bf17e.dir/build.make:97: recipe for target 'cmTC_bf17e' failed
make[1]: *** [cmTC_bf17e] Error 1
make[1]: Leaving directory '/home/student/smoothiebot_ws/build/fetch_description/CMakeFiles/CMakeTmp'
Makefile:126: recipe for target 'cmTC_bf17e/fast' failed
make: *** [cmTC_bf17e/fast] Error 2

File /home/student/smoothiebot_ws/build/fetch_description/CMakeFiles/CMakeTmp/CheckSymbolExists.c:
/* */
#include <pthread.h>

int main(int argc, char** argv)
{
  (void)argv;
#ifndef pthread_create
  return ((int*)(&pthread_create))[argc];
#else
  (void)argc;
  return 0;
#endif
}

Determining if the function pthread_create exists in the pthreads failed with the following output:
Change Dir: /home/student/smoothiebot_ws/build/fetch_description/CMakeFiles/CMakeTmp

Run Build Command:"/usr/bin/make" "cmTC_7681b/fast"
/usr/bin/make -f CMakeFiles/cmTC_7681b.dir/build.make CMakeFiles/cmTC_7681b.dir/build
make[1]: Entering directory '/home/student/smoothiebot_ws/build/fetch_description/CMakeFiles/CMakeTmp'
Building C object CMakeFiles/cmTC_7681b.dir/CheckFunctionExists.c.o
/usr/bin/cc    -DCHECK_FUNCTION_EXISTS=pthread_create   -o CMakeFiles/cmTC_7681b.dir/CheckFunctionExists.c.o   -c /usr/share/cmake-3.5/Modules/CheckFunctionExists.c
Linking C executable cmTC_7681b
/usr/bin/cmake -E cmake_link_script CMakeFiles/cmTC_7681b.dir/link.txt --verbose=1
/usr/bin/cc   -DCHECK_FUNCTION_EXISTS=pthread_create    CMakeFiles/cmTC_7681b.dir/CheckFunctionExists.c.o  -o cmTC_7681b -rdynamic -lpthreads 
/usr/bin/ld: cannot find -lpthreads
collect2: error: ld returned 1 exit status
CMakeFiles/cmTC_7681b.dir/build.make:97: recipe for target 'cmTC_7681b' failed
make[1]: *** [cmTC_7681b] Error 1
make[1]: Leaving directory '/home/student/smoothiebot_ws/build/fetch_description/CMakeFiles/CMakeTmp'
Makefile:126: recipe for target 'cmTC_7681b/fast' failed
make: *** [cmTC_7681b/fast] Error 2


