Determining if the pthread_create exist failed with the following output:
Change Dir: /home/student/smoothiebot_ws/build/fetch_moveit_config/CMakeFiles/CMakeTmp

Run Build Command:"/usr/bin/make" "cmTC_88fa1/fast"
/usr/bin/make -f CMakeFiles/cmTC_88fa1.dir/build.make CMakeFiles/cmTC_88fa1.dir/build
make[1]: Entering directory '/home/student/smoothiebot_ws/build/fetch_moveit_config/CMakeFiles/CMakeTmp'
Building C object CMakeFiles/cmTC_88fa1.dir/CheckSymbolExists.c.o
/usr/bin/cc     -o CMakeFiles/cmTC_88fa1.dir/CheckSymbolExists.c.o   -c /home/student/smoothiebot_ws/build/fetch_moveit_config/CMakeFiles/CMakeTmp/CheckSymbolExists.c
Linking C executable cmTC_88fa1
/usr/bin/cmake -E cmake_link_script CMakeFiles/cmTC_88fa1.dir/link.txt --verbose=1
/usr/bin/cc       CMakeFiles/cmTC_88fa1.dir/CheckSymbolExists.c.o  -o cmTC_88fa1 -rdynamic 
CMakeFiles/cmTC_88fa1.dir/CheckSymbolExists.c.o: In function `main':
CheckSymbolExists.c:(.text+0x16): undefined reference to `pthread_create'
collect2: error: ld returned 1 exit status
CMakeFiles/cmTC_88fa1.dir/build.make:97: recipe for target 'cmTC_88fa1' failed
make[1]: *** [cmTC_88fa1] Error 1
make[1]: Leaving directory '/home/student/smoothiebot_ws/build/fetch_moveit_config/CMakeFiles/CMakeTmp'
Makefile:126: recipe for target 'cmTC_88fa1/fast' failed
make: *** [cmTC_88fa1/fast] Error 2

File /home/student/smoothiebot_ws/build/fetch_moveit_config/CMakeFiles/CMakeTmp/CheckSymbolExists.c:
/* */
#include <pthread.h>

int main(int argc, char** argv)
{
  (void)argv;
#ifndef pthread_create
  return ((int*)(&pthread_create))[argc];
#else
  (void)argc;
  return 0;
#endif
}

Determining if the function pthread_create exists in the pthreads failed with the following output:
Change Dir: /home/student/smoothiebot_ws/build/fetch_moveit_config/CMakeFiles/CMakeTmp

Run Build Command:"/usr/bin/make" "cmTC_41e0c/fast"
/usr/bin/make -f CMakeFiles/cmTC_41e0c.dir/build.make CMakeFiles/cmTC_41e0c.dir/build
make[1]: Entering directory '/home/student/smoothiebot_ws/build/fetch_moveit_config/CMakeFiles/CMakeTmp'
Building C object CMakeFiles/cmTC_41e0c.dir/CheckFunctionExists.c.o
/usr/bin/cc    -DCHECK_FUNCTION_EXISTS=pthread_create   -o CMakeFiles/cmTC_41e0c.dir/CheckFunctionExists.c.o   -c /usr/share/cmake-3.5/Modules/CheckFunctionExists.c
Linking C executable cmTC_41e0c
/usr/bin/cmake -E cmake_link_script CMakeFiles/cmTC_41e0c.dir/link.txt --verbose=1
/usr/bin/cc   -DCHECK_FUNCTION_EXISTS=pthread_create    CMakeFiles/cmTC_41e0c.dir/CheckFunctionExists.c.o  -o cmTC_41e0c -rdynamic -lpthreads 
/usr/bin/ld: cannot find -lpthreads
collect2: error: ld returned 1 exit status
CMakeFiles/cmTC_41e0c.dir/build.make:97: recipe for target 'cmTC_41e0c' failed
make[1]: *** [cmTC_41e0c] Error 1
make[1]: Leaving directory '/home/student/smoothiebot_ws/build/fetch_moveit_config/CMakeFiles/CMakeTmp'
Makefile:126: recipe for target 'cmTC_41e0c/fast' failed
make: *** [cmTC_41e0c/fast] Error 2


