Determining if the pthread_create exist failed with the following output:
Change Dir: /home/student/smoothiebot_ws/build/simple_grasping/CMakeFiles/CMakeTmp

Run Build Command:"/usr/bin/make" "cmTC_60d6c/fast"
/usr/bin/make -f CMakeFiles/cmTC_60d6c.dir/build.make CMakeFiles/cmTC_60d6c.dir/build
make[1]: Entering directory '/home/student/smoothiebot_ws/build/simple_grasping/CMakeFiles/CMakeTmp'
Building C object CMakeFiles/cmTC_60d6c.dir/CheckSymbolExists.c.o
/usr/bin/cc     -o CMakeFiles/cmTC_60d6c.dir/CheckSymbolExists.c.o   -c /home/student/smoothiebot_ws/build/simple_grasping/CMakeFiles/CMakeTmp/CheckSymbolExists.c
Linking C executable cmTC_60d6c
/usr/bin/cmake -E cmake_link_script CMakeFiles/cmTC_60d6c.dir/link.txt --verbose=1
/usr/bin/cc       CMakeFiles/cmTC_60d6c.dir/CheckSymbolExists.c.o  -o cmTC_60d6c -rdynamic 
CMakeFiles/cmTC_60d6c.dir/CheckSymbolExists.c.o: In function `main':
CheckSymbolExists.c:(.text+0x16): undefined reference to `pthread_create'
collect2: error: ld returned 1 exit status
CMakeFiles/cmTC_60d6c.dir/build.make:97: recipe for target 'cmTC_60d6c' failed
make[1]: *** [cmTC_60d6c] Error 1
make[1]: Leaving directory '/home/student/smoothiebot_ws/build/simple_grasping/CMakeFiles/CMakeTmp'
Makefile:126: recipe for target 'cmTC_60d6c/fast' failed
make: *** [cmTC_60d6c/fast] Error 2

File /home/student/smoothiebot_ws/build/simple_grasping/CMakeFiles/CMakeTmp/CheckSymbolExists.c:
/* */
#include <pthread.h>

int main(int argc, char** argv)
{
  (void)argv;
#ifndef pthread_create
  return ((int*)(&pthread_create))[argc];
#else
  (void)argc;
  return 0;
#endif
}

Determining if the function pthread_create exists in the pthreads failed with the following output:
Change Dir: /home/student/smoothiebot_ws/build/simple_grasping/CMakeFiles/CMakeTmp

Run Build Command:"/usr/bin/make" "cmTC_e0a55/fast"
/usr/bin/make -f CMakeFiles/cmTC_e0a55.dir/build.make CMakeFiles/cmTC_e0a55.dir/build
make[1]: Entering directory '/home/student/smoothiebot_ws/build/simple_grasping/CMakeFiles/CMakeTmp'
Building C object CMakeFiles/cmTC_e0a55.dir/CheckFunctionExists.c.o
/usr/bin/cc    -DCHECK_FUNCTION_EXISTS=pthread_create   -o CMakeFiles/cmTC_e0a55.dir/CheckFunctionExists.c.o   -c /usr/share/cmake-3.5/Modules/CheckFunctionExists.c
Linking C executable cmTC_e0a55
/usr/bin/cmake -E cmake_link_script CMakeFiles/cmTC_e0a55.dir/link.txt --verbose=1
/usr/bin/cc   -DCHECK_FUNCTION_EXISTS=pthread_create    CMakeFiles/cmTC_e0a55.dir/CheckFunctionExists.c.o  -o cmTC_e0a55 -rdynamic -lpthreads 
/usr/bin/ld: cannot find -lpthreads
collect2: error: ld returned 1 exit status
CMakeFiles/cmTC_e0a55.dir/build.make:97: recipe for target 'cmTC_e0a55' failed
make[1]: *** [cmTC_e0a55] Error 1
make[1]: Leaving directory '/home/student/smoothiebot_ws/build/simple_grasping/CMakeFiles/CMakeTmp'
Makefile:126: recipe for target 'cmTC_e0a55/fast' failed
make: *** [cmTC_e0a55/fast] Error 2


