[35m[1mScanning dependencies of target moveit_kdl_kinematics_plugin[0m
[  6%] [32mBuilding CXX object kdl_kinematics_plugin/CMakeFiles/moveit_kdl_kinematics_plugin.dir/src/kdl_kinematics_plugin.cpp.o[0m
[ 12%] [32mBuilding CXX object kdl_kinematics_plugin/CMakeFiles/moveit_kdl_kinematics_plugin.dir/src/chainiksolver_pos_nr_jl_mimic.cpp.o[0m
[ 18%] [32mBuilding CXX object kdl_kinematics_plugin/CMakeFiles/moveit_kdl_kinematics_plugin.dir/src/chainiksolver_vel_pinv_mimic.cpp.o[0m
[ 25%] [32m[1mLinking CXX shared library /home/student/smoothiebot_ws/devel/.private/moveit_kinematics/lib/libmoveit_kdl_kinematics_plugin.so[0m
[ 25%] Built target moveit_kdl_kinematics_plugin
[35m[1mScanning dependencies of target moveit_lma_kinematics_plugin[0m
[ 31%] [32mBuilding CXX object lma_kinematics_plugin/CMakeFiles/moveit_lma_kinematics_plugin.dir/src/lma_kinematics_plugin.cpp.o[0m
[ 37%] [32mBuilding CXX object lma_kinematics_plugin/CMakeFiles/moveit_lma_kinematics_plugin.dir/src/chainiksolver_pos_lma_jl_mimic.cpp.o[0m
[ 43%] [32mBuilding CXX object lma_kinematics_plugin/CMakeFiles/moveit_lma_kinematics_plugin.dir/src/chainiksolver_vel_pinv_mimic.cpp.o[0m
[ 50%] [32m[1mLinking CXX shared library /home/student/smoothiebot_ws/devel/.private/moveit_kinematics/lib/libmoveit_lma_kinematics_plugin.so[0m
[ 50%] Built target moveit_lma_kinematics_plugin
[35m[1mScanning dependencies of target moveit_srv_kinematics_plugin[0m
[ 56%] [32mBuilding CXX object srv_kinematics_plugin/CMakeFiles/moveit_srv_kinematics_plugin.dir/src/srv_kinematics_plugin.cpp.o[0m
[ 62%] [32m[1mLinking CXX shared library /home/student/smoothiebot_ws/devel/.private/moveit_kinematics/lib/libmoveit_srv_kinematics_plugin.so[0m
[ 62%] Built target moveit_srv_kinematics_plugin
[35m[1mScanning dependencies of target moveit_cached_ik_kinematics_base[0m
[ 68%] [32mBuilding CXX object cached_ik_kinematics_plugin/CMakeFiles/moveit_cached_ik_kinematics_base.dir/src/ik_cache.cpp.o[0m
[ 75%] [32m[1mLinking CXX shared library /home/student/smoothiebot_ws/devel/.private/moveit_kinematics/lib/libmoveit_cached_ik_kinematics_base.so[0m
[ 75%] Built target moveit_cached_ik_kinematics_base
[35m[1mScanning dependencies of target measure_ik_call_cost[0m
[ 81%] [32mBuilding CXX object cached_ik_kinematics_plugin/CMakeFiles/measure_ik_call_cost.dir/src/measure_ik_call_cost.cpp.o[0m
[ 87%] [32m[1mLinking CXX executable /home/student/smoothiebot_ws/devel/.private/moveit_kinematics/lib/moveit_kinematics/measure_ik_call_cost[0m
[ 87%] Built target measure_ik_call_cost
[35m[1mScanning dependencies of target moveit_cached_ik_kinematics_plugin[0m
[ 93%] [32mBuilding CXX object cached_ik_kinematics_plugin/CMakeFiles/moveit_cached_ik_kinematics_plugin.dir/src/cached_ik_kinematics_plugin.cpp.o[0m
[100%] [32m[1mLinking CXX shared library /home/student/smoothiebot_ws/devel/.private/moveit_kinematics/lib/libmoveit_cached_ik_kinematics_plugin.so[0m
[100%] Built target moveit_cached_ik_kinematics_plugin
